<?xml version="1.0" encoding="UTF-8"?>
<!-- Generated by org.testng.reporters.JUnitXMLReporter -->
<testsuite hostname="wh-pc-wanghy" ignored="31" name="Core" tests="30" failures="30" timestamp="23 Jun 2021 03:23:21 GMT" time="0.906" errors="0">
  <testcase name="testCheckUserExistInBu01" time="0.567" classname="com.autotest.mysoft.IOrganizationPublicServiceTest">
    <failure type="java.lang.NullPointerException">
      <![CDATA[java.lang.NullPointerException
at com.autotest.mysoft.IOrganizationPublicServiceTest.testCheckUserExistInBu01(IOrganizationPublicServiceTest.java:131)
at com.autotest.RunCase.main(RunCase.java:57)
... Removed 22 stack frames]]>
    </failure>
  </testcase> <!-- testCheckUserExistInBu01 -->
  <testcase name="testGetAllMyStandardRoles01" time="0.006" classname="com.autotest.mysoft.IOrganizationPublicServiceTest">
    <failure type="java.lang.NullPointerException">
      <![CDATA[java.lang.NullPointerException
at com.autotest.mysoft.IOrganizationPublicServiceTest.testGetAllMyStandardRoles01(IOrganizationPublicServiceTest.java:500)
at com.autotest.RunCase.main(RunCase.java:57)
... Removed 22 stack frames]]>
    </failure>
  </testcase> <!-- testGetAllMyStandardRoles01 -->
  <testcase name="testGetAllOrganizationsTreeByUser01" time="0.005" classname="com.autotest.mysoft.IOrganizationPublicServiceTest">
    <failure type="java.lang.NullPointerException">
      <![CDATA[java.lang.NullPointerException
at com.autotest.mysoft.IOrganizationPublicServiceTest.testGetAllOrganizationsTreeByUser01(IOrganizationPublicServiceTest.java:426)
at com.autotest.RunCase.main(RunCase.java:57)
... Removed 22 stack frames]]>
    </failure>
  </testcase> <!-- testGetAllOrganizationsTreeByUser01 -->
  <testcase name="testGetAllOrganizationsTreeByUserAndFilter01" time="0.005" classname="com.autotest.mysoft.IOrganizationPublicServiceTest">
    <failure type="java.lang.NullPointerException">
      <![CDATA[java.lang.NullPointerException
at com.autotest.mysoft.IOrganizationPublicServiceTest.testGetAllOrganizationsTreeByUserAndFilter01(IOrganizationPublicServiceTest.java:443)
at com.autotest.RunCase.main(RunCase.java:57)
... Removed 22 stack frames]]>
    </failure>
  </testcase> <!-- testGetAllOrganizationsTreeByUserAndFilter01 -->
  <testcase name="testGetAllUsers01" time="0.005" classname="com.autotest.mysoft.IOrganizationPublicServiceTest">
    <failure type="java.lang.NullPointerException">
      <![CDATA[java.lang.NullPointerException
at com.autotest.mysoft.IOrganizationPublicServiceTest.testGetAllUsers01(IOrganizationPublicServiceTest.java:519)
at com.autotest.RunCase.main(RunCase.java:57)
... Removed 22 stack frames]]>
    </failure>
  </testcase> <!-- testGetAllUsers01 -->
  <testcase name="testGetAlternativeFunctionByUserGuid01" time="0.011" classname="com.autotest.mysoft.IOrganizationPublicServiceTest">
    <failure type="java.lang.NullPointerException">
      <![CDATA[java.lang.NullPointerException
at com.autotest.mysoft.IOrganizationPublicServiceTest.testGetAlternativeFunctionByUserGuid01(IOrganizationPublicServiceTest.java:274)
at com.autotest.RunCase.main(RunCase.java:57)
... Removed 22 stack frames]]>
    </failure>
  </testcase> <!-- testGetAlternativeFunctionByUserGuid01 -->
  <testcase name="testGetOrganizationById01" time="0.005" classname="com.autotest.mysoft.IOrganizationPublicServiceTest">
    <failure type="java.lang.NullPointerException">
      <![CDATA[java.lang.NullPointerException
at com.autotest.mysoft.IOrganizationPublicServiceTest.testGetOrganizationById01(IOrganizationPublicServiceTest.java:667)
at com.autotest.RunCase.main(RunCase.java:57)
... Removed 22 stack frames]]>
    </failure>
  </testcase> <!-- testGetOrganizationById01 -->
  <testcase name="testGetOrganizations01" time="0.004" classname="com.autotest.mysoft.IOrganizationPublicServiceTest">
    <failure type="java.lang.NullPointerException">
      <![CDATA[java.lang.NullPointerException
at com.autotest.mysoft.IOrganizationPublicServiceTest.testGetOrganizations01(IOrganizationPublicServiceTest.java:538)
at com.autotest.RunCase.main(RunCase.java:57)
... Removed 22 stack frames]]>
    </failure>
  </testcase> <!-- testGetOrganizations01 -->
  <testcase name="testGetOrganizationsByFilter01" time="0.005" classname="com.autotest.mysoft.IOrganizationPublicServiceTest">
    <failure type="java.lang.NullPointerException">
      <![CDATA[java.lang.NullPointerException
at com.autotest.mysoft.IOrganizationPublicServiceTest.testGetOrganizationsByFilter01(IOrganizationPublicServiceTest.java:224)
at com.autotest.RunCase.main(RunCase.java:57)
... Removed 22 stack frames]]>
    </failure>
  </testcase> <!-- testGetOrganizationsByFilter01 -->
  <testcase name="testGetParamValue01" time="0.004" classname="com.autotest.mysoft.IOrganizationPublicServiceTest">
    <failure type="java.lang.NullPointerException">
      <![CDATA[java.lang.NullPointerException
at com.autotest.mysoft.IOrganizationPublicServiceTest.testGetParamValue01(IOrganizationPublicServiceTest.java:481)
at com.autotest.RunCase.main(RunCase.java:57)
... Removed 22 stack frames]]>
    </failure>
  </testcase> <!-- testGetParamValue01 -->
  <testcase name="testGetReportRightsByUser01" time="0.005" classname="com.autotest.mysoft.IOrganizationPublicServiceTest">
    <failure type="java.lang.NullPointerException">
      <![CDATA[java.lang.NullPointerException
at com.autotest.mysoft.IOrganizationPublicServiceTest.testGetReportRightsByUser01(IOrganizationPublicServiceTest.java:412)
at com.autotest.RunCase.main(RunCase.java:57)
... Removed 22 stack frames]]>
    </failure>
  </testcase> <!-- testGetReportRightsByUser01 -->
  <testcase name="testGetRoleByUser01" time="0.004" classname="com.autotest.mysoft.IOrganizationPublicServiceTest">
    <failure type="java.lang.NullPointerException">
      <![CDATA[java.lang.NullPointerException
at com.autotest.mysoft.IOrganizationPublicServiceTest.testGetRoleByUser01(IOrganizationPublicServiceTest.java:290)
at com.autotest.RunCase.main(RunCase.java:57)
... Removed 22 stack frames]]>
    </failure>
  </testcase> <!-- testGetRoleByUser01 -->
  <testcase name="testGetUser01" time="0.005" classname="com.autotest.mysoft.IOrganizationPublicServiceTest">
    <failure type="java.lang.NullPointerException">
      <![CDATA[java.lang.NullPointerException
at com.autotest.mysoft.IOrganizationPublicServiceTest.testGetUser01(IOrganizationPublicServiceTest.java:552)
at com.autotest.RunCase.main(RunCase.java:57)
... Removed 22 stack frames]]>
    </failure>
  </testcase> <!-- testGetUser01 -->
  <testcase name="testGetUserActionRightInfos01" time="0.007" classname="com.autotest.mysoft.IOrganizationPublicServiceTest">
    <failure type="java.lang.NullPointerException">
      <![CDATA[java.lang.NullPointerException
at com.autotest.mysoft.IOrganizationPublicServiceTest.testGetUserActionRightInfos01(IOrganizationPublicServiceTest.java:570)
at com.autotest.RunCase.main(RunCase.java:57)
... Removed 22 stack frames]]>
    </failure>
  </testcase> <!-- testGetUserActionRightInfos01 -->
  <testcase name="testGetUserByAnalyzeGlobalRoleProject01" time="0.005" classname="com.autotest.mysoft.IOrganizationPublicServiceTest">
    <failure type="java.lang.NullPointerException">
      <![CDATA[java.lang.NullPointerException
at com.autotest.mysoft.IOrganizationPublicServiceTest.testGetUserByAnalyzeGlobalRoleProject01(IOrganizationPublicServiceTest.java:730)
at com.autotest.RunCase.main(RunCase.java:57)
... Removed 22 stack frames]]>
    </failure>
  </testcase> <!-- testGetUserByAnalyzeGlobalRoleProject01 -->
  <testcase name="testGetUserByOrganization01" time="0.003" classname="com.autotest.mysoft.IOrganizationPublicServiceTest">
    <failure type="java.lang.NullPointerException">
      <![CDATA[java.lang.NullPointerException
at com.autotest.mysoft.IOrganizationPublicServiceTest.testGetUserByOrganization01(IOrganizationPublicServiceTest.java:44)
at com.autotest.RunCase.main(RunCase.java:57)
... Removed 22 stack frames]]>
    </failure>
  </testcase> <!-- testGetUserByOrganization01 -->
  <testcase name="testGetUserOrgAndRoles01" time="0.009" classname="com.autotest.mysoft.IOrganizationPublicServiceTest">
    <failure type="java.lang.NullPointerException">
      <![CDATA[java.lang.NullPointerException
at com.autotest.mysoft.IOrganizationPublicServiceTest.testGetUserOrgAndRoles01(IOrganizationPublicServiceTest.java:610)
at com.autotest.RunCase.main(RunCase.java:57)
... Removed 22 stack frames]]>
    </failure>
  </testcase> <!-- testGetUserOrgAndRoles01 -->
  <testcase name="testGetUserOrgAndRolesByBuguid01" time="0.006" classname="com.autotest.mysoft.IOrganizationPublicServiceTest">
    <failure type="java.lang.NullPointerException">
      <![CDATA[java.lang.NullPointerException
at com.autotest.mysoft.IOrganizationPublicServiceTest.testGetUserOrgAndRolesByBuguid01(IOrganizationPublicServiceTest.java:631)
at com.autotest.RunCase.main(RunCase.java:57)
... Removed 22 stack frames]]>
    </failure>
  </testcase> <!-- testGetUserOrgAndRolesByBuguid01 -->
  <testcase name="testGetUserOrgAndRolesByRolesId01" time="0.011" classname="com.autotest.mysoft.IOrganizationPublicServiceTest">
    <failure type="java.lang.NullPointerException">
      <![CDATA[java.lang.NullPointerException
at com.autotest.mysoft.IOrganizationPublicServiceTest.testGetUserOrgAndRolesByRolesId01(IOrganizationPublicServiceTest.java:653)
at com.autotest.RunCase.main(RunCase.java:57)
... Removed 22 stack frames]]>
    </failure>
  </testcase> <!-- testGetUserOrgAndRolesByRolesId01 -->
  <testcase name="testGetUserRoleDetailsByRoles01" time="0.008" classname="com.autotest.mysoft.IOrganizationPublicServiceTest">
    <failure type="java.lang.NullPointerException">
      <![CDATA[java.lang.NullPointerException
at com.autotest.mysoft.IOrganizationPublicServiceTest.testGetUserRoleDetailsByRoles01(IOrganizationPublicServiceTest.java:462)
at com.autotest.RunCase.main(RunCase.java:57)
... Removed 22 stack frames]]>
    </failure>
  </testcase> <!-- testGetUserRoleDetailsByRoles01 -->
  <testcase name="testGetUsers01" time="0.007" classname="com.autotest.mysoft.IOrganizationPublicServiceTest">
    <failure type="java.lang.NullPointerException">
      <![CDATA[java.lang.NullPointerException
at com.autotest.mysoft.IOrganizationPublicServiceTest.testGetUsers01(IOrganizationPublicServiceTest.java:64)
at com.autotest.RunCase.main(RunCase.java:57)
... Removed 22 stack frames]]>
    </failure>
  </testcase> <!-- testGetUsers01 -->
  <testcase name="testGetUsersByBatchCondition01" time="0.006" classname="com.autotest.mysoft.IOrganizationPublicServiceTest">
    <failure type="java.lang.NullPointerException">
      <![CDATA[java.lang.NullPointerException
at com.autotest.mysoft.IOrganizationPublicServiceTest.testGetUsersByBatchCondition01(IOrganizationPublicServiceTest.java:340)
at com.autotest.RunCase.main(RunCase.java:57)
... Removed 22 stack frames]]>
    </failure>
  </testcase> <!-- testGetUsersByBatchCondition01 -->
  <testcase name="testGetUsersByIds01" time="0.005" classname="com.autotest.mysoft.IOrganizationPublicServiceTest">
    <failure type="java.lang.NullPointerException">
      <![CDATA[java.lang.NullPointerException
at com.autotest.mysoft.IOrganizationPublicServiceTest.testGetUsersByIds01(IOrganizationPublicServiceTest.java:589)
at com.autotest.RunCase.main(RunCase.java:57)
... Removed 22 stack frames]]>
    </failure>
  </testcase> <!-- testGetUsersByIds01 -->
  <testcase name="testGetUsersByOrganizationRecursive01" time="0.007" classname="com.autotest.mysoft.IOrganizationPublicServiceTest">
    <failure type="java.lang.NullPointerException">
      <![CDATA[java.lang.NullPointerException
at com.autotest.mysoft.IOrganizationPublicServiceTest.testGetUsersByOrganizationRecursive01(IOrganizationPublicServiceTest.java:159)
at com.autotest.RunCase.main(RunCase.java:57)
... Removed 22 stack frames]]>
    </failure>
  </testcase> <!-- testGetUsersByOrganizationRecursive01 -->
  <testcase name="testGetUsersPaging01" time="0.005" classname="com.autotest.mysoft.IOrganizationPublicServiceTest">
    <failure type="java.lang.NullPointerException">
      <![CDATA[java.lang.NullPointerException
at com.autotest.mysoft.IOrganizationPublicServiceTest.testGetUsersPaging01(IOrganizationPublicServiceTest.java:241)
at com.autotest.RunCase.main(RunCase.java:57)
... Removed 22 stack frames]]>
    </failure>
  </testcase> <!-- testGetUsersPaging01 -->
  <testcase name="testQueryBUPersonInCharge01" time="0.006" classname="com.autotest.mysoft.IOrganizationPublicServiceTest">
    <failure type="java.lang.NullPointerException">
      <![CDATA[java.lang.NullPointerException
at com.autotest.mysoft.IOrganizationPublicServiceTest.testQueryBUPersonInCharge01(IOrganizationPublicServiceTest.java:206)
at com.autotest.RunCase.main(RunCase.java:57)
... Removed 22 stack frames]]>
    </failure>
  </testcase> <!-- testQueryBUPersonInCharge01 -->
  <testcase name="testQueryBUTreeDataListByBUID01" time="0.006" classname="com.autotest.mysoft.IOrganizationPublicServiceTest">
    <failure type="java.lang.NullPointerException">
      <![CDATA[java.lang.NullPointerException
at com.autotest.mysoft.IOrganizationPublicServiceTest.testQueryBUTreeDataListByBUID01(IOrganizationPublicServiceTest.java:395)
at com.autotest.RunCase.main(RunCase.java:57)
... Removed 22 stack frames]]>
    </failure>
  </testcase> <!-- testQueryBUTreeDataListByBUID01 -->
  <testcase name="testQueryOrganizationByIds01" time="0.014" classname="com.autotest.mysoft.IOrganizationPublicServiceTest">
    <failure type="java.lang.NullPointerException">
      <![CDATA[java.lang.NullPointerException
at com.autotest.mysoft.IOrganizationPublicServiceTest.testQueryOrganizationByIds01(IOrganizationPublicServiceTest.java:259)
at com.autotest.RunCase.main(RunCase.java:57)
... Removed 22 stack frames]]>
    </failure>
  </testcase> <!-- testQueryOrganizationByIds01 -->
  <testcase name="testQueryUserByOrganizationRolesProject01" time="0.002" classname="com.autotest.mysoft.IOrganizationPublicServiceTest">
    <failure type="java.lang.NullPointerException">
      <![CDATA[java.lang.NullPointerException
at com.autotest.mysoft.IOrganizationPublicServiceTest.testQueryUserByOrganizationRolesProject01(IOrganizationPublicServiceTest.java:372)
at com.autotest.RunCase.main(RunCase.java:57)
... Removed 22 stack frames]]>
    </failure>
  </testcase> <!-- testQueryUserByOrganizationRolesProject01 -->
  <testcase name="testQueryUserCompanyInfoWithBU01" time="0.005" classname="com.autotest.mysoft.IOrganizationPublicServiceTest">
    <failure type="java.lang.NullPointerException">
      <![CDATA[java.lang.NullPointerException
at com.autotest.mysoft.IOrganizationPublicServiceTest.testQueryUserCompanyInfoWithBU01(IOrganizationPublicServiceTest.java:111)
at com.autotest.RunCase.main(RunCase.java:57)
... Removed 22 stack frames]]>
    </failure>
  </testcase> <!-- testQueryUserCompanyInfoWithBU01 -->
  <testcase name="testUpdateLH01" time="0.0" classname="com.autotest.mysoft.IOrganizationPublicServiceTest">
    <ignored/>
  </testcase> <!-- testUpdateLH01 -->
  <testcase name="testQueryUserRightCompany2UsersCount01" time="0.0" classname="com.autotest.mysoft.IOrganizationPublicServiceTest">
    <ignored/>
  </testcase> <!-- testQueryUserRightCompany2UsersCount01 -->
  <testcase name="testGetUsers02" time="0.0" classname="com.autotest.mysoft.IOrganizationPublicServiceTest">
    <ignored/>
  </testcase> <!-- testGetUsers02 -->
  <testcase name="testChangeParent01" time="0.0" classname="com.autotest.mysoft.IOrganizationPublicServiceTest">
    <ignored/>
  </testcase> <!-- testChangeParent01 -->
  <testcase name="testgetOrganizationByUser01" time="0.0" classname="com.autotest.mysoft.IOrganizationPublicServiceTest">
    <ignored/>
  </testcase> <!-- testgetOrganizationByUser01 -->
  <testcase name="testGetOrganizationAndUser01" time="0.0" classname="com.autotest.mysoft.IOrganizationPublicServiceTest">
    <ignored/>
  </testcase> <!-- testGetOrganizationAndUser01 -->
  <testcase name="testBatchCreateUser01" time="0.0" classname="com.autotest.mysoft.IOrganizationPublicServiceTest">
    <ignored/>
  </testcase> <!-- testBatchCreateUser01 -->
  <testcase name="testQueryUserCompanyInfoWithBUCount01" time="0.0" classname="com.autotest.mysoft.IOrganizationPublicServiceTest">
    <ignored/>
  </testcase> <!-- testQueryUserCompanyInfoWithBUCount01 -->
  <testcase name="testDeleteUserProjectRights01" time="0.0" classname="com.autotest.mysoft.IOrganizationPublicServiceTest">
    <ignored/>
  </testcase> <!-- testDeleteUserProjectRights01 -->
  <testcase name="testCreateUserBUProjectRights01" time="0.0" classname="com.autotest.mysoft.IOrganizationPublicServiceTest">
    <ignored/>
  </testcase> <!-- testCreateUserBUProjectRights01 -->
  <testcase name="testDeleteUser2Roles01" time="0.0" classname="com.autotest.mysoft.IOrganizationPublicServiceTest">
    <ignored/>
  </testcase> <!-- testDeleteUser2Roles01 -->
  <testcase name="testGetOrganizationUsers01" time="0.0" classname="com.autotest.mysoft.IOrganizationPublicServiceTest">
    <ignored/>
  </testcase> <!-- testGetOrganizationUsers01 -->
  <testcase name="testCreateUserProject2Roles01" time="0.0" classname="com.autotest.mysoft.IOrganizationPublicServiceTest">
    <ignored/>
  </testcase> <!-- testCreateUserProject2Roles01 -->
  <testcase name="testUpdate01" time="0.0" classname="com.autotest.mysoft.IOrganizationPublicServiceTest">
    <ignored/>
  </testcase> <!-- testUpdate01 -->
  <testcase name="testGetRoleUserByOrganization01" time="0.0" classname="com.autotest.mysoft.IOrganizationPublicServiceTest">
    <ignored/>
  </testcase> <!-- testGetRoleUserByOrganization01 -->
  <testcase name="testGetOrganizationsWithRight01" time="0.0" classname="com.autotest.mysoft.IOrganizationPublicServiceTest">
    <ignored/>
  </testcase> <!-- testGetOrganizationsWithRight01 -->
  <testcase name="testGetRolesByUserGuid01" time="0.0" classname="com.autotest.mysoft.IOrganizationPublicServiceTest">
    <ignored/>
  </testcase> <!-- testGetRolesByUserGuid01 -->
  <testcase name="testDeleteUserProject2Roles01" time="0.0" classname="com.autotest.mysoft.IOrganizationPublicServiceTest">
    <ignored/>
  </testcase> <!-- testDeleteUserProject2Roles01 -->
  <testcase name="testGetAllHasRoleUsers01" time="0.0" classname="com.autotest.mysoft.IOrganizationPublicServiceTest">
    <ignored/>
  </testcase> <!-- testGetAllHasRoleUsers01 -->
  <testcase name="testGetOrganization02" time="0.0" classname="com.autotest.mysoft.IOrganizationPublicServiceTest">
    <ignored/>
  </testcase> <!-- testGetOrganization02 -->
  <testcase name="testGetOrganization01" time="0.0" classname="com.autotest.mysoft.IOrganizationPublicServiceTest">
    <ignored/>
  </testcase> <!-- testGetOrganization01 -->
  <testcase name="testGetOrganizationsAndRole01" time="0.0" classname="com.autotest.mysoft.IOrganizationPublicServiceTest">
    <ignored/>
  </testcase> <!-- testGetOrganizationsAndRole01 -->
  <testcase name="testDeleteUserBUProjectRights01" time="0.0" classname="com.autotest.mysoft.IOrganizationPublicServiceTest">
    <ignored/>
  </testcase> <!-- testDeleteUserBUProjectRights01 -->
  <testcase name="testCreateUserProjectRights01" time="0.0" classname="com.autotest.mysoft.IOrganizationPublicServiceTest">
    <ignored/>
  </testcase> <!-- testCreateUserProjectRights01 -->
  <testcase name="testApplyBUProjectRightsByUserIds01" time="0.0" classname="com.autotest.mysoft.IOrganizationPublicServiceTest">
    <ignored/>
  </testcase> <!-- testApplyBUProjectRightsByUserIds01 -->
  <testcase name="testCreateUser2Roles01" time="0.0" classname="com.autotest.mysoft.IOrganizationPublicServiceTest">
    <ignored/>
  </testcase> <!-- testCreateUser2Roles01 -->
  <testcase name="testCreateRoleRithts01" time="0.0" classname="com.autotest.mysoft.IOrganizationPublicServiceTest">
    <ignored/>
  </testcase> <!-- testCreateRoleRithts01 -->
  <testcase name="testGetAllMyStandardRolesByIds01" time="0.0" classname="com.autotest.mysoft.IOrganizationPublicServiceTest">
    <ignored/>
  </testcase> <!-- testGetAllMyStandardRolesByIds01 -->
  <testcase name="testQueryBUTreeDataList01" time="0.0" classname="com.autotest.mysoft.IOrganizationPublicServiceTest">
    <ignored/>
  </testcase> <!-- testQueryBUTreeDataList01 -->
  <testcase name="testGetUsersByBatchCondition02" time="0.0" classname="com.autotest.mysoft.IOrganizationPublicServiceTest">
    <ignored/>
  </testcase> <!-- testGetUsersByBatchCondition02 -->
  <testcase name="testListFullBUTree01" time="0.0" classname="com.autotest.mysoft.IOrganizationPublicServiceTest">
    <ignored/>
  </testcase> <!-- testListFullBUTree01 -->
</testsuite> <!-- Core -->
