<?xml version="1.0" encoding="UTF-8"?>
<testng-results skipped="0" failed="30" ignored="31" total="61" passed="0">
  <reporter-output>
  </reporter-output>
  <suite name="Core" duration-ms="906" started-at="2021-06-23T03:23:20Z" finished-at="2021-06-23T03:23:21Z">
    <groups>
      <group name="outside">
        <method signature="IOrganizationPublicServiceTest.testCheckUserExistInBu01()[pri:0, instance:com.autotest.mysoft.IOrganizationPublicServiceTest@2805c96b]" name="testCheckUserExistInBu01" class="com.autotest.mysoft.IOrganizationPublicServiceTest"/>
        <method signature="IOrganizationPublicServiceTest.testGetAllMyStandardRoles01()[pri:0, instance:com.autotest.mysoft.IOrganizationPublicServiceTest@2805c96b]" name="testGetAllMyStandardRoles01" class="com.autotest.mysoft.IOrganizationPublicServiceTest"/>
        <method signature="IOrganizationPublicServiceTest.testGetAllOrganizationsTreeByUser01()[pri:0, instance:com.autotest.mysoft.IOrganizationPublicServiceTest@2805c96b]" name="testGetAllOrganizationsTreeByUser01" class="com.autotest.mysoft.IOrganizationPublicServiceTest"/>
        <method signature="IOrganizationPublicServiceTest.testGetAllOrganizationsTreeByUserAndFilter01()[pri:0, instance:com.autotest.mysoft.IOrganizationPublicServiceTest@2805c96b]" name="testGetAllOrganizationsTreeByUserAndFilter01" class="com.autotest.mysoft.IOrganizationPublicServiceTest"/>
        <method signature="IOrganizationPublicServiceTest.testGetAllUsers01()[pri:0, instance:com.autotest.mysoft.IOrganizationPublicServiceTest@2805c96b]" name="testGetAllUsers01" class="com.autotest.mysoft.IOrganizationPublicServiceTest"/>
        <method signature="IOrganizationPublicServiceTest.testGetAlternativeFunctionByUserGuid01()[pri:0, instance:com.autotest.mysoft.IOrganizationPublicServiceTest@2805c96b]" name="testGetAlternativeFunctionByUserGuid01" class="com.autotest.mysoft.IOrganizationPublicServiceTest"/>
        <method signature="IOrganizationPublicServiceTest.testGetOrganizationById01()[pri:0, instance:com.autotest.mysoft.IOrganizationPublicServiceTest@2805c96b]" name="testGetOrganizationById01" class="com.autotest.mysoft.IOrganizationPublicServiceTest"/>
        <method signature="IOrganizationPublicServiceTest.testGetOrganizations01()[pri:0, instance:com.autotest.mysoft.IOrganizationPublicServiceTest@2805c96b]" name="testGetOrganizations01" class="com.autotest.mysoft.IOrganizationPublicServiceTest"/>
        <method signature="IOrganizationPublicServiceTest.testGetOrganizationsByFilter01()[pri:0, instance:com.autotest.mysoft.IOrganizationPublicServiceTest@2805c96b]" name="testGetOrganizationsByFilter01" class="com.autotest.mysoft.IOrganizationPublicServiceTest"/>
        <method signature="IOrganizationPublicServiceTest.testGetParamValue01()[pri:0, instance:com.autotest.mysoft.IOrganizationPublicServiceTest@2805c96b]" name="testGetParamValue01" class="com.autotest.mysoft.IOrganizationPublicServiceTest"/>
        <method signature="IOrganizationPublicServiceTest.testGetReportRightsByUser01()[pri:0, instance:com.autotest.mysoft.IOrganizationPublicServiceTest@2805c96b]" name="testGetReportRightsByUser01" class="com.autotest.mysoft.IOrganizationPublicServiceTest"/>
        <method signature="IOrganizationPublicServiceTest.testGetRoleByUser01()[pri:0, instance:com.autotest.mysoft.IOrganizationPublicServiceTest@2805c96b]" name="testGetRoleByUser01" class="com.autotest.mysoft.IOrganizationPublicServiceTest"/>
        <method signature="IOrganizationPublicServiceTest.testGetUser01()[pri:0, instance:com.autotest.mysoft.IOrganizationPublicServiceTest@2805c96b]" name="testGetUser01" class="com.autotest.mysoft.IOrganizationPublicServiceTest"/>
        <method signature="IOrganizationPublicServiceTest.testGetUserActionRightInfos01()[pri:0, instance:com.autotest.mysoft.IOrganizationPublicServiceTest@2805c96b]" name="testGetUserActionRightInfos01" class="com.autotest.mysoft.IOrganizationPublicServiceTest"/>
        <method signature="IOrganizationPublicServiceTest.testGetUserByAnalyzeGlobalRoleProject01()[pri:0, instance:com.autotest.mysoft.IOrganizationPublicServiceTest@2805c96b]" name="testGetUserByAnalyzeGlobalRoleProject01" class="com.autotest.mysoft.IOrganizationPublicServiceTest"/>
        <method signature="IOrganizationPublicServiceTest.testGetUserByOrganization01()[pri:0, instance:com.autotest.mysoft.IOrganizationPublicServiceTest@2805c96b]" name="testGetUserByOrganization01" class="com.autotest.mysoft.IOrganizationPublicServiceTest"/>
        <method signature="IOrganizationPublicServiceTest.testGetUserOrgAndRoles01()[pri:0, instance:com.autotest.mysoft.IOrganizationPublicServiceTest@2805c96b]" name="testGetUserOrgAndRoles01" class="com.autotest.mysoft.IOrganizationPublicServiceTest"/>
        <method signature="IOrganizationPublicServiceTest.testGetUserOrgAndRolesByBuguid01()[pri:0, instance:com.autotest.mysoft.IOrganizationPublicServiceTest@2805c96b]" name="testGetUserOrgAndRolesByBuguid01" class="com.autotest.mysoft.IOrganizationPublicServiceTest"/>
        <method signature="IOrganizationPublicServiceTest.testGetUserOrgAndRolesByRolesId01()[pri:0, instance:com.autotest.mysoft.IOrganizationPublicServiceTest@2805c96b]" name="testGetUserOrgAndRolesByRolesId01" class="com.autotest.mysoft.IOrganizationPublicServiceTest"/>
        <method signature="IOrganizationPublicServiceTest.testGetUserRoleDetailsByRoles01()[pri:0, instance:com.autotest.mysoft.IOrganizationPublicServiceTest@2805c96b]" name="testGetUserRoleDetailsByRoles01" class="com.autotest.mysoft.IOrganizationPublicServiceTest"/>
        <method signature="IOrganizationPublicServiceTest.testGetUsers01()[pri:0, instance:com.autotest.mysoft.IOrganizationPublicServiceTest@2805c96b]" name="testGetUsers01" class="com.autotest.mysoft.IOrganizationPublicServiceTest"/>
        <method signature="IOrganizationPublicServiceTest.testGetUsersByBatchCondition01()[pri:0, instance:com.autotest.mysoft.IOrganizationPublicServiceTest@2805c96b]" name="testGetUsersByBatchCondition01" class="com.autotest.mysoft.IOrganizationPublicServiceTest"/>
        <method signature="IOrganizationPublicServiceTest.testGetUsersByIds01()[pri:0, instance:com.autotest.mysoft.IOrganizationPublicServiceTest@2805c96b]" name="testGetUsersByIds01" class="com.autotest.mysoft.IOrganizationPublicServiceTest"/>
        <method signature="IOrganizationPublicServiceTest.testGetUsersByOrganizationRecursive01()[pri:0, instance:com.autotest.mysoft.IOrganizationPublicServiceTest@2805c96b]" name="testGetUsersByOrganizationRecursive01" class="com.autotest.mysoft.IOrganizationPublicServiceTest"/>
        <method signature="IOrganizationPublicServiceTest.testGetUsersPaging01()[pri:0, instance:com.autotest.mysoft.IOrganizationPublicServiceTest@2805c96b]" name="testGetUsersPaging01" class="com.autotest.mysoft.IOrganizationPublicServiceTest"/>
        <method signature="IOrganizationPublicServiceTest.testQueryBUPersonInCharge01()[pri:0, instance:com.autotest.mysoft.IOrganizationPublicServiceTest@2805c96b]" name="testQueryBUPersonInCharge01" class="com.autotest.mysoft.IOrganizationPublicServiceTest"/>
        <method signature="IOrganizationPublicServiceTest.testQueryBUTreeDataListByBUID01()[pri:0, instance:com.autotest.mysoft.IOrganizationPublicServiceTest@2805c96b]" name="testQueryBUTreeDataListByBUID01" class="com.autotest.mysoft.IOrganizationPublicServiceTest"/>
        <method signature="IOrganizationPublicServiceTest.testQueryOrganizationByIds01()[pri:0, instance:com.autotest.mysoft.IOrganizationPublicServiceTest@2805c96b]" name="testQueryOrganizationByIds01" class="com.autotest.mysoft.IOrganizationPublicServiceTest"/>
        <method signature="IOrganizationPublicServiceTest.testQueryUserByOrganizationRolesProject01()[pri:0, instance:com.autotest.mysoft.IOrganizationPublicServiceTest@2805c96b]" name="testQueryUserByOrganizationRolesProject01" class="com.autotest.mysoft.IOrganizationPublicServiceTest"/>
        <method signature="IOrganizationPublicServiceTest.testQueryUserCompanyInfoWithBU01()[pri:0, instance:com.autotest.mysoft.IOrganizationPublicServiceTest@2805c96b]" name="testQueryUserCompanyInfoWithBU01" class="com.autotest.mysoft.IOrganizationPublicServiceTest"/>
      </group> <!-- outside -->
      <group name="query">
        <method signature="IOrganizationPublicServiceTest.testGetOrganizationById01()[pri:0, instance:com.autotest.mysoft.IOrganizationPublicServiceTest@2805c96b]" name="testGetOrganizationById01" class="com.autotest.mysoft.IOrganizationPublicServiceTest"/>
        <method signature="IOrganizationPublicServiceTest.testGetUserByOrganization01()[pri:0, instance:com.autotest.mysoft.IOrganizationPublicServiceTest@2805c96b]" name="testGetUserByOrganization01" class="com.autotest.mysoft.IOrganizationPublicServiceTest"/>
      </group> <!-- query -->
      <group name="pub">
        <method signature="IOrganizationPublicServiceTest.testCheckUserExistInBu01()[pri:0, instance:com.autotest.mysoft.IOrganizationPublicServiceTest@2805c96b]" name="testCheckUserExistInBu01" class="com.autotest.mysoft.IOrganizationPublicServiceTest"/>
        <method signature="IOrganizationPublicServiceTest.testGetAllMyStandardRoles01()[pri:0, instance:com.autotest.mysoft.IOrganizationPublicServiceTest@2805c96b]" name="testGetAllMyStandardRoles01" class="com.autotest.mysoft.IOrganizationPublicServiceTest"/>
        <method signature="IOrganizationPublicServiceTest.testGetAllOrganizationsTreeByUser01()[pri:0, instance:com.autotest.mysoft.IOrganizationPublicServiceTest@2805c96b]" name="testGetAllOrganizationsTreeByUser01" class="com.autotest.mysoft.IOrganizationPublicServiceTest"/>
        <method signature="IOrganizationPublicServiceTest.testGetAllOrganizationsTreeByUserAndFilter01()[pri:0, instance:com.autotest.mysoft.IOrganizationPublicServiceTest@2805c96b]" name="testGetAllOrganizationsTreeByUserAndFilter01" class="com.autotest.mysoft.IOrganizationPublicServiceTest"/>
        <method signature="IOrganizationPublicServiceTest.testGetAllUsers01()[pri:0, instance:com.autotest.mysoft.IOrganizationPublicServiceTest@2805c96b]" name="testGetAllUsers01" class="com.autotest.mysoft.IOrganizationPublicServiceTest"/>
        <method signature="IOrganizationPublicServiceTest.testGetAlternativeFunctionByUserGuid01()[pri:0, instance:com.autotest.mysoft.IOrganizationPublicServiceTest@2805c96b]" name="testGetAlternativeFunctionByUserGuid01" class="com.autotest.mysoft.IOrganizationPublicServiceTest"/>
        <method signature="IOrganizationPublicServiceTest.testGetOrganizationById01()[pri:0, instance:com.autotest.mysoft.IOrganizationPublicServiceTest@2805c96b]" name="testGetOrganizationById01" class="com.autotest.mysoft.IOrganizationPublicServiceTest"/>
        <method signature="IOrganizationPublicServiceTest.testGetOrganizations01()[pri:0, instance:com.autotest.mysoft.IOrganizationPublicServiceTest@2805c96b]" name="testGetOrganizations01" class="com.autotest.mysoft.IOrganizationPublicServiceTest"/>
        <method signature="IOrganizationPublicServiceTest.testGetOrganizationsByFilter01()[pri:0, instance:com.autotest.mysoft.IOrganizationPublicServiceTest@2805c96b]" name="testGetOrganizationsByFilter01" class="com.autotest.mysoft.IOrganizationPublicServiceTest"/>
        <method signature="IOrganizationPublicServiceTest.testGetParamValue01()[pri:0, instance:com.autotest.mysoft.IOrganizationPublicServiceTest@2805c96b]" name="testGetParamValue01" class="com.autotest.mysoft.IOrganizationPublicServiceTest"/>
        <method signature="IOrganizationPublicServiceTest.testGetReportRightsByUser01()[pri:0, instance:com.autotest.mysoft.IOrganizationPublicServiceTest@2805c96b]" name="testGetReportRightsByUser01" class="com.autotest.mysoft.IOrganizationPublicServiceTest"/>
        <method signature="IOrganizationPublicServiceTest.testGetRoleByUser01()[pri:0, instance:com.autotest.mysoft.IOrganizationPublicServiceTest@2805c96b]" name="testGetRoleByUser01" class="com.autotest.mysoft.IOrganizationPublicServiceTest"/>
        <method signature="IOrganizationPublicServiceTest.testGetUser01()[pri:0, instance:com.autotest.mysoft.IOrganizationPublicServiceTest@2805c96b]" name="testGetUser01" class="com.autotest.mysoft.IOrganizationPublicServiceTest"/>
        <method signature="IOrganizationPublicServiceTest.testGetUserActionRightInfos01()[pri:0, instance:com.autotest.mysoft.IOrganizationPublicServiceTest@2805c96b]" name="testGetUserActionRightInfos01" class="com.autotest.mysoft.IOrganizationPublicServiceTest"/>
        <method signature="IOrganizationPublicServiceTest.testGetUserByAnalyzeGlobalRoleProject01()[pri:0, instance:com.autotest.mysoft.IOrganizationPublicServiceTest@2805c96b]" name="testGetUserByAnalyzeGlobalRoleProject01" class="com.autotest.mysoft.IOrganizationPublicServiceTest"/>
        <method signature="IOrganizationPublicServiceTest.testGetUserByOrganization01()[pri:0, instance:com.autotest.mysoft.IOrganizationPublicServiceTest@2805c96b]" name="testGetUserByOrganization01" class="com.autotest.mysoft.IOrganizationPublicServiceTest"/>
        <method signature="IOrganizationPublicServiceTest.testGetUserOrgAndRoles01()[pri:0, instance:com.autotest.mysoft.IOrganizationPublicServiceTest@2805c96b]" name="testGetUserOrgAndRoles01" class="com.autotest.mysoft.IOrganizationPublicServiceTest"/>
        <method signature="IOrganizationPublicServiceTest.testGetUserOrgAndRolesByBuguid01()[pri:0, instance:com.autotest.mysoft.IOrganizationPublicServiceTest@2805c96b]" name="testGetUserOrgAndRolesByBuguid01" class="com.autotest.mysoft.IOrganizationPublicServiceTest"/>
        <method signature="IOrganizationPublicServiceTest.testGetUserOrgAndRolesByRolesId01()[pri:0, instance:com.autotest.mysoft.IOrganizationPublicServiceTest@2805c96b]" name="testGetUserOrgAndRolesByRolesId01" class="com.autotest.mysoft.IOrganizationPublicServiceTest"/>
        <method signature="IOrganizationPublicServiceTest.testGetUserRoleDetailsByRoles01()[pri:0, instance:com.autotest.mysoft.IOrganizationPublicServiceTest@2805c96b]" name="testGetUserRoleDetailsByRoles01" class="com.autotest.mysoft.IOrganizationPublicServiceTest"/>
        <method signature="IOrganizationPublicServiceTest.testGetUsers01()[pri:0, instance:com.autotest.mysoft.IOrganizationPublicServiceTest@2805c96b]" name="testGetUsers01" class="com.autotest.mysoft.IOrganizationPublicServiceTest"/>
        <method signature="IOrganizationPublicServiceTest.testGetUsersByBatchCondition01()[pri:0, instance:com.autotest.mysoft.IOrganizationPublicServiceTest@2805c96b]" name="testGetUsersByBatchCondition01" class="com.autotest.mysoft.IOrganizationPublicServiceTest"/>
        <method signature="IOrganizationPublicServiceTest.testGetUsersByIds01()[pri:0, instance:com.autotest.mysoft.IOrganizationPublicServiceTest@2805c96b]" name="testGetUsersByIds01" class="com.autotest.mysoft.IOrganizationPublicServiceTest"/>
        <method signature="IOrganizationPublicServiceTest.testGetUsersByOrganizationRecursive01()[pri:0, instance:com.autotest.mysoft.IOrganizationPublicServiceTest@2805c96b]" name="testGetUsersByOrganizationRecursive01" class="com.autotest.mysoft.IOrganizationPublicServiceTest"/>
        <method signature="IOrganizationPublicServiceTest.testGetUsersPaging01()[pri:0, instance:com.autotest.mysoft.IOrganizationPublicServiceTest@2805c96b]" name="testGetUsersPaging01" class="com.autotest.mysoft.IOrganizationPublicServiceTest"/>
        <method signature="IOrganizationPublicServiceTest.testQueryBUPersonInCharge01()[pri:0, instance:com.autotest.mysoft.IOrganizationPublicServiceTest@2805c96b]" name="testQueryBUPersonInCharge01" class="com.autotest.mysoft.IOrganizationPublicServiceTest"/>
        <method signature="IOrganizationPublicServiceTest.testQueryBUTreeDataListByBUID01()[pri:0, instance:com.autotest.mysoft.IOrganizationPublicServiceTest@2805c96b]" name="testQueryBUTreeDataListByBUID01" class="com.autotest.mysoft.IOrganizationPublicServiceTest"/>
        <method signature="IOrganizationPublicServiceTest.testQueryOrganizationByIds01()[pri:0, instance:com.autotest.mysoft.IOrganizationPublicServiceTest@2805c96b]" name="testQueryOrganizationByIds01" class="com.autotest.mysoft.IOrganizationPublicServiceTest"/>
        <method signature="IOrganizationPublicServiceTest.testQueryUserByOrganizationRolesProject01()[pri:0, instance:com.autotest.mysoft.IOrganizationPublicServiceTest@2805c96b]" name="testQueryUserByOrganizationRolesProject01" class="com.autotest.mysoft.IOrganizationPublicServiceTest"/>
        <method signature="IOrganizationPublicServiceTest.testQueryUserCompanyInfoWithBU01()[pri:0, instance:com.autotest.mysoft.IOrganizationPublicServiceTest@2805c96b]" name="testQueryUserCompanyInfoWithBU01" class="com.autotest.mysoft.IOrganizationPublicServiceTest"/>
      </group> <!-- pub -->
    </groups>
    <test name="Core" duration-ms="906" started-at="2021-06-23T03:23:20Z" finished-at="2021-06-23T03:23:21Z">
      <class name="com.autotest.mysoft.IOrganizationPublicServiceTest">
        <test-method status="FAIL" signature="testCheckUserExistInBu01()[pri:0, instance:com.autotest.mysoft.IOrganizationPublicServiceTest@2805c96b]" name="testCheckUserExistInBu01" duration-ms="567" started-at="2021-06-23T03:23:20Z" description="查询用户是否存在于相关组织" finished-at="2021-06-23T03:23:21Z">
          <exception class="java.lang.NullPointerException">
            <full-stacktrace>
              <![CDATA[java.lang.NullPointerException
at com.autotest.mysoft.IOrganizationPublicServiceTest.testCheckUserExistInBu01(IOrganizationPublicServiceTest.java:131)
at sun.reflect.NativeMethodAccessorImpl.invoke0(Native Method)
at sun.reflect.NativeMethodAccessorImpl.invoke(NativeMethodAccessorImpl.java:62)
at sun.reflect.DelegatingMethodAccessorImpl.invoke(DelegatingMethodAccessorImpl.java:43)
at java.lang.reflect.Method.invoke(Method.java:498)
at org.testng.internal.MethodInvocationHelper.invokeMethod(MethodInvocationHelper.java:124)
at org.testng.internal.Invoker.invokeMethod(Invoker.java:583)
at org.testng.internal.Invoker.invokeTestMethod(Invoker.java:719)
at org.testng.internal.Invoker.invokeTestMethods(Invoker.java:989)
at org.testng.internal.TestMethodWorker.invokeTestMethods(TestMethodWorker.java:125)
at org.testng.internal.TestMethodWorker.run(TestMethodWorker.java:109)
at org.testng.TestRunner.privateRun(TestRunner.java:648)
at org.testng.TestRunner.run(TestRunner.java:505)
at org.testng.SuiteRunner.runTest(SuiteRunner.java:455)
at org.testng.SuiteRunner.runSequentially(SuiteRunner.java:450)
at org.testng.SuiteRunner.privateRun(SuiteRunner.java:415)
at org.testng.SuiteRunner.run(SuiteRunner.java:364)
at org.testng.SuiteRunnerWorker.runSuite(SuiteRunnerWorker.java:52)
at org.testng.SuiteRunnerWorker.run(SuiteRunnerWorker.java:84)
at org.testng.TestNG.runSuitesSequentially(TestNG.java:1208)
at org.testng.TestNG.runSuitesLocally(TestNG.java:1137)
at org.testng.TestNG.runSuites(TestNG.java:1049)
at org.testng.TestNG.run(TestNG.java:1017)
at com.autotest.RunCase.main(RunCase.java:57)
]]>
            </full-stacktrace>
          </exception> <!-- java.lang.NullPointerException -->
          <reporter-output>
          </reporter-output>
        </test-method> <!-- testCheckUserExistInBu01 -->
        <test-method status="FAIL" signature="testGetAllMyStandardRoles01()[pri:0, instance:com.autotest.mysoft.IOrganizationPublicServiceTest@2805c96b]" name="testGetAllMyStandardRoles01" duration-ms="6" started-at="2021-06-23T03:23:21Z" description="获取所有的标准角色" finished-at="2021-06-23T03:23:21Z">
          <exception class="java.lang.NullPointerException">
            <full-stacktrace>
              <![CDATA[java.lang.NullPointerException
at com.autotest.mysoft.IOrganizationPublicServiceTest.testGetAllMyStandardRoles01(IOrganizationPublicServiceTest.java:500)
at sun.reflect.NativeMethodAccessorImpl.invoke0(Native Method)
at sun.reflect.NativeMethodAccessorImpl.invoke(NativeMethodAccessorImpl.java:62)
at sun.reflect.DelegatingMethodAccessorImpl.invoke(DelegatingMethodAccessorImpl.java:43)
at java.lang.reflect.Method.invoke(Method.java:498)
at org.testng.internal.MethodInvocationHelper.invokeMethod(MethodInvocationHelper.java:124)
at org.testng.internal.Invoker.invokeMethod(Invoker.java:583)
at org.testng.internal.Invoker.invokeTestMethod(Invoker.java:719)
at org.testng.internal.Invoker.invokeTestMethods(Invoker.java:989)
at org.testng.internal.TestMethodWorker.invokeTestMethods(TestMethodWorker.java:125)
at org.testng.internal.TestMethodWorker.run(TestMethodWorker.java:109)
at org.testng.TestRunner.privateRun(TestRunner.java:648)
at org.testng.TestRunner.run(TestRunner.java:505)
at org.testng.SuiteRunner.runTest(SuiteRunner.java:455)
at org.testng.SuiteRunner.runSequentially(SuiteRunner.java:450)
at org.testng.SuiteRunner.privateRun(SuiteRunner.java:415)
at org.testng.SuiteRunner.run(SuiteRunner.java:364)
at org.testng.SuiteRunnerWorker.runSuite(SuiteRunnerWorker.java:52)
at org.testng.SuiteRunnerWorker.run(SuiteRunnerWorker.java:84)
at org.testng.TestNG.runSuitesSequentially(TestNG.java:1208)
at org.testng.TestNG.runSuitesLocally(TestNG.java:1137)
at org.testng.TestNG.runSuites(TestNG.java:1049)
at org.testng.TestNG.run(TestNG.java:1017)
at com.autotest.RunCase.main(RunCase.java:57)
]]>
            </full-stacktrace>
          </exception> <!-- java.lang.NullPointerException -->
          <reporter-output>
          </reporter-output>
        </test-method> <!-- testGetAllMyStandardRoles01 -->
        <test-method status="FAIL" signature="testGetAllOrganizationsTreeByUser01()[pri:0, instance:com.autotest.mysoft.IOrganizationPublicServiceTest@2805c96b]" name="testGetAllOrganizationsTreeByUser01" duration-ms="5" started-at="2021-06-23T03:23:21Z" description="获取当前登录用户有权限的所有组织" finished-at="2021-06-23T03:23:21Z">
          <exception class="java.lang.NullPointerException">
            <full-stacktrace>
              <![CDATA[java.lang.NullPointerException
at com.autotest.mysoft.IOrganizationPublicServiceTest.testGetAllOrganizationsTreeByUser01(IOrganizationPublicServiceTest.java:426)
at sun.reflect.NativeMethodAccessorImpl.invoke0(Native Method)
at sun.reflect.NativeMethodAccessorImpl.invoke(NativeMethodAccessorImpl.java:62)
at sun.reflect.DelegatingMethodAccessorImpl.invoke(DelegatingMethodAccessorImpl.java:43)
at java.lang.reflect.Method.invoke(Method.java:498)
at org.testng.internal.MethodInvocationHelper.invokeMethod(MethodInvocationHelper.java:124)
at org.testng.internal.Invoker.invokeMethod(Invoker.java:583)
at org.testng.internal.Invoker.invokeTestMethod(Invoker.java:719)
at org.testng.internal.Invoker.invokeTestMethods(Invoker.java:989)
at org.testng.internal.TestMethodWorker.invokeTestMethods(TestMethodWorker.java:125)
at org.testng.internal.TestMethodWorker.run(TestMethodWorker.java:109)
at org.testng.TestRunner.privateRun(TestRunner.java:648)
at org.testng.TestRunner.run(TestRunner.java:505)
at org.testng.SuiteRunner.runTest(SuiteRunner.java:455)
at org.testng.SuiteRunner.runSequentially(SuiteRunner.java:450)
at org.testng.SuiteRunner.privateRun(SuiteRunner.java:415)
at org.testng.SuiteRunner.run(SuiteRunner.java:364)
at org.testng.SuiteRunnerWorker.runSuite(SuiteRunnerWorker.java:52)
at org.testng.SuiteRunnerWorker.run(SuiteRunnerWorker.java:84)
at org.testng.TestNG.runSuitesSequentially(TestNG.java:1208)
at org.testng.TestNG.runSuitesLocally(TestNG.java:1137)
at org.testng.TestNG.runSuites(TestNG.java:1049)
at org.testng.TestNG.run(TestNG.java:1017)
at com.autotest.RunCase.main(RunCase.java:57)
]]>
            </full-stacktrace>
          </exception> <!-- java.lang.NullPointerException -->
          <reporter-output>
          </reporter-output>
        </test-method> <!-- testGetAllOrganizationsTreeByUser01 -->
        <test-method status="FAIL" signature="testGetAllOrganizationsTreeByUserAndFilter01()[pri:0, instance:com.autotest.mysoft.IOrganizationPublicServiceTest@2805c96b]" name="testGetAllOrganizationsTreeByUserAndFilter01" duration-ms="5" started-at="2021-06-23T03:23:21Z" description="获取当前登录用户有权限的所有组织，可传筛选条件" finished-at="2021-06-23T03:23:21Z">
          <exception class="java.lang.NullPointerException">
            <full-stacktrace>
              <![CDATA[java.lang.NullPointerException
at com.autotest.mysoft.IOrganizationPublicServiceTest.testGetAllOrganizationsTreeByUserAndFilter01(IOrganizationPublicServiceTest.java:443)
at sun.reflect.NativeMethodAccessorImpl.invoke0(Native Method)
at sun.reflect.NativeMethodAccessorImpl.invoke(NativeMethodAccessorImpl.java:62)
at sun.reflect.DelegatingMethodAccessorImpl.invoke(DelegatingMethodAccessorImpl.java:43)
at java.lang.reflect.Method.invoke(Method.java:498)
at org.testng.internal.MethodInvocationHelper.invokeMethod(MethodInvocationHelper.java:124)
at org.testng.internal.Invoker.invokeMethod(Invoker.java:583)
at org.testng.internal.Invoker.invokeTestMethod(Invoker.java:719)
at org.testng.internal.Invoker.invokeTestMethods(Invoker.java:989)
at org.testng.internal.TestMethodWorker.invokeTestMethods(TestMethodWorker.java:125)
at org.testng.internal.TestMethodWorker.run(TestMethodWorker.java:109)
at org.testng.TestRunner.privateRun(TestRunner.java:648)
at org.testng.TestRunner.run(TestRunner.java:505)
at org.testng.SuiteRunner.runTest(SuiteRunner.java:455)
at org.testng.SuiteRunner.runSequentially(SuiteRunner.java:450)
at org.testng.SuiteRunner.privateRun(SuiteRunner.java:415)
at org.testng.SuiteRunner.run(SuiteRunner.java:364)
at org.testng.SuiteRunnerWorker.runSuite(SuiteRunnerWorker.java:52)
at org.testng.SuiteRunnerWorker.run(SuiteRunnerWorker.java:84)
at org.testng.TestNG.runSuitesSequentially(TestNG.java:1208)
at org.testng.TestNG.runSuitesLocally(TestNG.java:1137)
at org.testng.TestNG.runSuites(TestNG.java:1049)
at org.testng.TestNG.run(TestNG.java:1017)
at com.autotest.RunCase.main(RunCase.java:57)
]]>
            </full-stacktrace>
          </exception> <!-- java.lang.NullPointerException -->
          <reporter-output>
          </reporter-output>
        </test-method> <!-- testGetAllOrganizationsTreeByUserAndFilter01 -->
        <test-method status="FAIL" signature="testGetAllUsers01()[pri:0, instance:com.autotest.mysoft.IOrganizationPublicServiceTest@2805c96b]" name="testGetAllUsers01" duration-ms="5" started-at="2021-06-23T03:23:21Z" description="获取所有用户" finished-at="2021-06-23T03:23:21Z">
          <exception class="java.lang.NullPointerException">
            <full-stacktrace>
              <![CDATA[java.lang.NullPointerException
at com.autotest.mysoft.IOrganizationPublicServiceTest.testGetAllUsers01(IOrganizationPublicServiceTest.java:519)
at sun.reflect.NativeMethodAccessorImpl.invoke0(Native Method)
at sun.reflect.NativeMethodAccessorImpl.invoke(NativeMethodAccessorImpl.java:62)
at sun.reflect.DelegatingMethodAccessorImpl.invoke(DelegatingMethodAccessorImpl.java:43)
at java.lang.reflect.Method.invoke(Method.java:498)
at org.testng.internal.MethodInvocationHelper.invokeMethod(MethodInvocationHelper.java:124)
at org.testng.internal.Invoker.invokeMethod(Invoker.java:583)
at org.testng.internal.Invoker.invokeTestMethod(Invoker.java:719)
at org.testng.internal.Invoker.invokeTestMethods(Invoker.java:989)
at org.testng.internal.TestMethodWorker.invokeTestMethods(TestMethodWorker.java:125)
at org.testng.internal.TestMethodWorker.run(TestMethodWorker.java:109)
at org.testng.TestRunner.privateRun(TestRunner.java:648)
at org.testng.TestRunner.run(TestRunner.java:505)
at org.testng.SuiteRunner.runTest(SuiteRunner.java:455)
at org.testng.SuiteRunner.runSequentially(SuiteRunner.java:450)
at org.testng.SuiteRunner.privateRun(SuiteRunner.java:415)
at org.testng.SuiteRunner.run(SuiteRunner.java:364)
at org.testng.SuiteRunnerWorker.runSuite(SuiteRunnerWorker.java:52)
at org.testng.SuiteRunnerWorker.run(SuiteRunnerWorker.java:84)
at org.testng.TestNG.runSuitesSequentially(TestNG.java:1208)
at org.testng.TestNG.runSuitesLocally(TestNG.java:1137)
at org.testng.TestNG.runSuites(TestNG.java:1049)
at org.testng.TestNG.run(TestNG.java:1017)
at com.autotest.RunCase.main(RunCase.java:57)
]]>
            </full-stacktrace>
          </exception> <!-- java.lang.NullPointerException -->
          <reporter-output>
          </reporter-output>
        </test-method> <!-- testGetAllUsers01 -->
        <test-method status="FAIL" signature="testGetAlternativeFunctionByUserGuid01()[pri:0, instance:com.autotest.mysoft.IOrganizationPublicServiceTest@2805c96b]" name="testGetAlternativeFunctionByUserGuid01" duration-ms="11" started-at="2021-06-23T03:23:21Z" description="根据用户GUID获取用户备选功能" finished-at="2021-06-23T03:23:21Z">
          <exception class="java.lang.NullPointerException">
            <full-stacktrace>
              <![CDATA[java.lang.NullPointerException
at com.autotest.mysoft.IOrganizationPublicServiceTest.testGetAlternativeFunctionByUserGuid01(IOrganizationPublicServiceTest.java:274)
at sun.reflect.NativeMethodAccessorImpl.invoke0(Native Method)
at sun.reflect.NativeMethodAccessorImpl.invoke(NativeMethodAccessorImpl.java:62)
at sun.reflect.DelegatingMethodAccessorImpl.invoke(DelegatingMethodAccessorImpl.java:43)
at java.lang.reflect.Method.invoke(Method.java:498)
at org.testng.internal.MethodInvocationHelper.invokeMethod(MethodInvocationHelper.java:124)
at org.testng.internal.Invoker.invokeMethod(Invoker.java:583)
at org.testng.internal.Invoker.invokeTestMethod(Invoker.java:719)
at org.testng.internal.Invoker.invokeTestMethods(Invoker.java:989)
at org.testng.internal.TestMethodWorker.invokeTestMethods(TestMethodWorker.java:125)
at org.testng.internal.TestMethodWorker.run(TestMethodWorker.java:109)
at org.testng.TestRunner.privateRun(TestRunner.java:648)
at org.testng.TestRunner.run(TestRunner.java:505)
at org.testng.SuiteRunner.runTest(SuiteRunner.java:455)
at org.testng.SuiteRunner.runSequentially(SuiteRunner.java:450)
at org.testng.SuiteRunner.privateRun(SuiteRunner.java:415)
at org.testng.SuiteRunner.run(SuiteRunner.java:364)
at org.testng.SuiteRunnerWorker.runSuite(SuiteRunnerWorker.java:52)
at org.testng.SuiteRunnerWorker.run(SuiteRunnerWorker.java:84)
at org.testng.TestNG.runSuitesSequentially(TestNG.java:1208)
at org.testng.TestNG.runSuitesLocally(TestNG.java:1137)
at org.testng.TestNG.runSuites(TestNG.java:1049)
at org.testng.TestNG.run(TestNG.java:1017)
at com.autotest.RunCase.main(RunCase.java:57)
]]>
            </full-stacktrace>
          </exception> <!-- java.lang.NullPointerException -->
          <reporter-output>
          </reporter-output>
        </test-method> <!-- testGetAlternativeFunctionByUserGuid01 -->
        <test-method status="FAIL" signature="testGetOrganizationById01()[pri:0, instance:com.autotest.mysoft.IOrganizationPublicServiceTest@2805c96b]" name="testGetOrganizationById01" duration-ms="5" started-at="2021-06-23T03:23:21Z" description="获取组织" finished-at="2021-06-23T03:23:21Z">
          <exception class="java.lang.NullPointerException">
            <full-stacktrace>
              <![CDATA[java.lang.NullPointerException
at com.autotest.mysoft.IOrganizationPublicServiceTest.testGetOrganizationById01(IOrganizationPublicServiceTest.java:667)
at sun.reflect.NativeMethodAccessorImpl.invoke0(Native Method)
at sun.reflect.NativeMethodAccessorImpl.invoke(NativeMethodAccessorImpl.java:62)
at sun.reflect.DelegatingMethodAccessorImpl.invoke(DelegatingMethodAccessorImpl.java:43)
at java.lang.reflect.Method.invoke(Method.java:498)
at org.testng.internal.MethodInvocationHelper.invokeMethod(MethodInvocationHelper.java:124)
at org.testng.internal.Invoker.invokeMethod(Invoker.java:583)
at org.testng.internal.Invoker.invokeTestMethod(Invoker.java:719)
at org.testng.internal.Invoker.invokeTestMethods(Invoker.java:989)
at org.testng.internal.TestMethodWorker.invokeTestMethods(TestMethodWorker.java:125)
at org.testng.internal.TestMethodWorker.run(TestMethodWorker.java:109)
at org.testng.TestRunner.privateRun(TestRunner.java:648)
at org.testng.TestRunner.run(TestRunner.java:505)
at org.testng.SuiteRunner.runTest(SuiteRunner.java:455)
at org.testng.SuiteRunner.runSequentially(SuiteRunner.java:450)
at org.testng.SuiteRunner.privateRun(SuiteRunner.java:415)
at org.testng.SuiteRunner.run(SuiteRunner.java:364)
at org.testng.SuiteRunnerWorker.runSuite(SuiteRunnerWorker.java:52)
at org.testng.SuiteRunnerWorker.run(SuiteRunnerWorker.java:84)
at org.testng.TestNG.runSuitesSequentially(TestNG.java:1208)
at org.testng.TestNG.runSuitesLocally(TestNG.java:1137)
at org.testng.TestNG.runSuites(TestNG.java:1049)
at org.testng.TestNG.run(TestNG.java:1017)
at com.autotest.RunCase.main(RunCase.java:57)
]]>
            </full-stacktrace>
          </exception> <!-- java.lang.NullPointerException -->
          <reporter-output>
          </reporter-output>
        </test-method> <!-- testGetOrganizationById01 -->
        <test-method status="FAIL" signature="testGetOrganizations01()[pri:0, instance:com.autotest.mysoft.IOrganizationPublicServiceTest@2805c96b]" name="testGetOrganizations01" duration-ms="4" started-at="2021-06-23T03:23:21Z" description="获取所有组织" finished-at="2021-06-23T03:23:21Z">
          <exception class="java.lang.NullPointerException">
            <full-stacktrace>
              <![CDATA[java.lang.NullPointerException
at com.autotest.mysoft.IOrganizationPublicServiceTest.testGetOrganizations01(IOrganizationPublicServiceTest.java:538)
at sun.reflect.NativeMethodAccessorImpl.invoke0(Native Method)
at sun.reflect.NativeMethodAccessorImpl.invoke(NativeMethodAccessorImpl.java:62)
at sun.reflect.DelegatingMethodAccessorImpl.invoke(DelegatingMethodAccessorImpl.java:43)
at java.lang.reflect.Method.invoke(Method.java:498)
at org.testng.internal.MethodInvocationHelper.invokeMethod(MethodInvocationHelper.java:124)
at org.testng.internal.Invoker.invokeMethod(Invoker.java:583)
at org.testng.internal.Invoker.invokeTestMethod(Invoker.java:719)
at org.testng.internal.Invoker.invokeTestMethods(Invoker.java:989)
at org.testng.internal.TestMethodWorker.invokeTestMethods(TestMethodWorker.java:125)
at org.testng.internal.TestMethodWorker.run(TestMethodWorker.java:109)
at org.testng.TestRunner.privateRun(TestRunner.java:648)
at org.testng.TestRunner.run(TestRunner.java:505)
at org.testng.SuiteRunner.runTest(SuiteRunner.java:455)
at org.testng.SuiteRunner.runSequentially(SuiteRunner.java:450)
at org.testng.SuiteRunner.privateRun(SuiteRunner.java:415)
at org.testng.SuiteRunner.run(SuiteRunner.java:364)
at org.testng.SuiteRunnerWorker.runSuite(SuiteRunnerWorker.java:52)
at org.testng.SuiteRunnerWorker.run(SuiteRunnerWorker.java:84)
at org.testng.TestNG.runSuitesSequentially(TestNG.java:1208)
at org.testng.TestNG.runSuitesLocally(TestNG.java:1137)
at org.testng.TestNG.runSuites(TestNG.java:1049)
at org.testng.TestNG.run(TestNG.java:1017)
at com.autotest.RunCase.main(RunCase.java:57)
]]>
            </full-stacktrace>
          </exception> <!-- java.lang.NullPointerException -->
          <reporter-output>
          </reporter-output>
        </test-method> <!-- testGetOrganizations01 -->
        <test-method status="FAIL" signature="testGetOrganizationsByFilter01()[pri:0, instance:com.autotest.mysoft.IOrganizationPublicServiceTest@2805c96b]" name="testGetOrganizationsByFilter01" duration-ms="5" started-at="2021-06-23T03:23:21Z" description="根据筛选条件获取组织单元" finished-at="2021-06-23T03:23:21Z">
          <exception class="java.lang.NullPointerException">
            <full-stacktrace>
              <![CDATA[java.lang.NullPointerException
at com.autotest.mysoft.IOrganizationPublicServiceTest.testGetOrganizationsByFilter01(IOrganizationPublicServiceTest.java:224)
at sun.reflect.NativeMethodAccessorImpl.invoke0(Native Method)
at sun.reflect.NativeMethodAccessorImpl.invoke(NativeMethodAccessorImpl.java:62)
at sun.reflect.DelegatingMethodAccessorImpl.invoke(DelegatingMethodAccessorImpl.java:43)
at java.lang.reflect.Method.invoke(Method.java:498)
at org.testng.internal.MethodInvocationHelper.invokeMethod(MethodInvocationHelper.java:124)
at org.testng.internal.Invoker.invokeMethod(Invoker.java:583)
at org.testng.internal.Invoker.invokeTestMethod(Invoker.java:719)
at org.testng.internal.Invoker.invokeTestMethods(Invoker.java:989)
at org.testng.internal.TestMethodWorker.invokeTestMethods(TestMethodWorker.java:125)
at org.testng.internal.TestMethodWorker.run(TestMethodWorker.java:109)
at org.testng.TestRunner.privateRun(TestRunner.java:648)
at org.testng.TestRunner.run(TestRunner.java:505)
at org.testng.SuiteRunner.runTest(SuiteRunner.java:455)
at org.testng.SuiteRunner.runSequentially(SuiteRunner.java:450)
at org.testng.SuiteRunner.privateRun(SuiteRunner.java:415)
at org.testng.SuiteRunner.run(SuiteRunner.java:364)
at org.testng.SuiteRunnerWorker.runSuite(SuiteRunnerWorker.java:52)
at org.testng.SuiteRunnerWorker.run(SuiteRunnerWorker.java:84)
at org.testng.TestNG.runSuitesSequentially(TestNG.java:1208)
at org.testng.TestNG.runSuitesLocally(TestNG.java:1137)
at org.testng.TestNG.runSuites(TestNG.java:1049)
at org.testng.TestNG.run(TestNG.java:1017)
at com.autotest.RunCase.main(RunCase.java:57)
]]>
            </full-stacktrace>
          </exception> <!-- java.lang.NullPointerException -->
          <reporter-output>
          </reporter-output>
        </test-method> <!-- testGetOrganizationsByFilter01 -->
        <test-method status="FAIL" signature="testGetParamValue01()[pri:0, instance:com.autotest.mysoft.IOrganizationPublicServiceTest@2805c96b]" name="testGetParamValue01" duration-ms="4" started-at="2021-06-23T03:23:21Z" description="获取配置类业务参数值" finished-at="2021-06-23T03:23:21Z">
          <exception class="java.lang.NullPointerException">
            <full-stacktrace>
              <![CDATA[java.lang.NullPointerException
at com.autotest.mysoft.IOrganizationPublicServiceTest.testGetParamValue01(IOrganizationPublicServiceTest.java:481)
at sun.reflect.NativeMethodAccessorImpl.invoke0(Native Method)
at sun.reflect.NativeMethodAccessorImpl.invoke(NativeMethodAccessorImpl.java:62)
at sun.reflect.DelegatingMethodAccessorImpl.invoke(DelegatingMethodAccessorImpl.java:43)
at java.lang.reflect.Method.invoke(Method.java:498)
at org.testng.internal.MethodInvocationHelper.invokeMethod(MethodInvocationHelper.java:124)
at org.testng.internal.Invoker.invokeMethod(Invoker.java:583)
at org.testng.internal.Invoker.invokeTestMethod(Invoker.java:719)
at org.testng.internal.Invoker.invokeTestMethods(Invoker.java:989)
at org.testng.internal.TestMethodWorker.invokeTestMethods(TestMethodWorker.java:125)
at org.testng.internal.TestMethodWorker.run(TestMethodWorker.java:109)
at org.testng.TestRunner.privateRun(TestRunner.java:648)
at org.testng.TestRunner.run(TestRunner.java:505)
at org.testng.SuiteRunner.runTest(SuiteRunner.java:455)
at org.testng.SuiteRunner.runSequentially(SuiteRunner.java:450)
at org.testng.SuiteRunner.privateRun(SuiteRunner.java:415)
at org.testng.SuiteRunner.run(SuiteRunner.java:364)
at org.testng.SuiteRunnerWorker.runSuite(SuiteRunnerWorker.java:52)
at org.testng.SuiteRunnerWorker.run(SuiteRunnerWorker.java:84)
at org.testng.TestNG.runSuitesSequentially(TestNG.java:1208)
at org.testng.TestNG.runSuitesLocally(TestNG.java:1137)
at org.testng.TestNG.runSuites(TestNG.java:1049)
at org.testng.TestNG.run(TestNG.java:1017)
at com.autotest.RunCase.main(RunCase.java:57)
]]>
            </full-stacktrace>
          </exception> <!-- java.lang.NullPointerException -->
          <reporter-output>
          </reporter-output>
        </test-method> <!-- testGetParamValue01 -->
        <test-method status="FAIL" signature="testGetReportRightsByUser01()[pri:0, instance:com.autotest.mysoft.IOrganizationPublicServiceTest@2805c96b]" name="testGetReportRightsByUser01" duration-ms="5" started-at="2021-06-23T03:23:21Z" description="获取报表权限" finished-at="2021-06-23T03:23:21Z">
          <exception class="java.lang.NullPointerException">
            <full-stacktrace>
              <![CDATA[java.lang.NullPointerException
at com.autotest.mysoft.IOrganizationPublicServiceTest.testGetReportRightsByUser01(IOrganizationPublicServiceTest.java:412)
at sun.reflect.NativeMethodAccessorImpl.invoke0(Native Method)
at sun.reflect.NativeMethodAccessorImpl.invoke(NativeMethodAccessorImpl.java:62)
at sun.reflect.DelegatingMethodAccessorImpl.invoke(DelegatingMethodAccessorImpl.java:43)
at java.lang.reflect.Method.invoke(Method.java:498)
at org.testng.internal.MethodInvocationHelper.invokeMethod(MethodInvocationHelper.java:124)
at org.testng.internal.Invoker.invokeMethod(Invoker.java:583)
at org.testng.internal.Invoker.invokeTestMethod(Invoker.java:719)
at org.testng.internal.Invoker.invokeTestMethods(Invoker.java:989)
at org.testng.internal.TestMethodWorker.invokeTestMethods(TestMethodWorker.java:125)
at org.testng.internal.TestMethodWorker.run(TestMethodWorker.java:109)
at org.testng.TestRunner.privateRun(TestRunner.java:648)
at org.testng.TestRunner.run(TestRunner.java:505)
at org.testng.SuiteRunner.runTest(SuiteRunner.java:455)
at org.testng.SuiteRunner.runSequentially(SuiteRunner.java:450)
at org.testng.SuiteRunner.privateRun(SuiteRunner.java:415)
at org.testng.SuiteRunner.run(SuiteRunner.java:364)
at org.testng.SuiteRunnerWorker.runSuite(SuiteRunnerWorker.java:52)
at org.testng.SuiteRunnerWorker.run(SuiteRunnerWorker.java:84)
at org.testng.TestNG.runSuitesSequentially(TestNG.java:1208)
at org.testng.TestNG.runSuitesLocally(TestNG.java:1137)
at org.testng.TestNG.runSuites(TestNG.java:1049)
at org.testng.TestNG.run(TestNG.java:1017)
at com.autotest.RunCase.main(RunCase.java:57)
]]>
            </full-stacktrace>
          </exception> <!-- java.lang.NullPointerException -->
          <reporter-output>
          </reporter-output>
        </test-method> <!-- testGetReportRightsByUser01 -->
        <test-method status="FAIL" signature="testGetRoleByUser01()[pri:0, instance:com.autotest.mysoft.IOrganizationPublicServiceTest@2805c96b]" name="testGetRoleByUser01" duration-ms="4" started-at="2021-06-23T03:23:21Z" description="根据用户id查询对应角色" finished-at="2021-06-23T03:23:21Z">
          <exception class="java.lang.NullPointerException">
            <full-stacktrace>
              <![CDATA[java.lang.NullPointerException
at com.autotest.mysoft.IOrganizationPublicServiceTest.testGetRoleByUser01(IOrganizationPublicServiceTest.java:290)
at sun.reflect.NativeMethodAccessorImpl.invoke0(Native Method)
at sun.reflect.NativeMethodAccessorImpl.invoke(NativeMethodAccessorImpl.java:62)
at sun.reflect.DelegatingMethodAccessorImpl.invoke(DelegatingMethodAccessorImpl.java:43)
at java.lang.reflect.Method.invoke(Method.java:498)
at org.testng.internal.MethodInvocationHelper.invokeMethod(MethodInvocationHelper.java:124)
at org.testng.internal.Invoker.invokeMethod(Invoker.java:583)
at org.testng.internal.Invoker.invokeTestMethod(Invoker.java:719)
at org.testng.internal.Invoker.invokeTestMethods(Invoker.java:989)
at org.testng.internal.TestMethodWorker.invokeTestMethods(TestMethodWorker.java:125)
at org.testng.internal.TestMethodWorker.run(TestMethodWorker.java:109)
at org.testng.TestRunner.privateRun(TestRunner.java:648)
at org.testng.TestRunner.run(TestRunner.java:505)
at org.testng.SuiteRunner.runTest(SuiteRunner.java:455)
at org.testng.SuiteRunner.runSequentially(SuiteRunner.java:450)
at org.testng.SuiteRunner.privateRun(SuiteRunner.java:415)
at org.testng.SuiteRunner.run(SuiteRunner.java:364)
at org.testng.SuiteRunnerWorker.runSuite(SuiteRunnerWorker.java:52)
at org.testng.SuiteRunnerWorker.run(SuiteRunnerWorker.java:84)
at org.testng.TestNG.runSuitesSequentially(TestNG.java:1208)
at org.testng.TestNG.runSuitesLocally(TestNG.java:1137)
at org.testng.TestNG.runSuites(TestNG.java:1049)
at org.testng.TestNG.run(TestNG.java:1017)
at com.autotest.RunCase.main(RunCase.java:57)
]]>
            </full-stacktrace>
          </exception> <!-- java.lang.NullPointerException -->
          <reporter-output>
          </reporter-output>
        </test-method> <!-- testGetRoleByUser01 -->
        <test-method status="FAIL" signature="testGetUser01()[pri:0, instance:com.autotest.mysoft.IOrganizationPublicServiceTest@2805c96b]" name="testGetUser01" duration-ms="5" started-at="2021-06-23T03:23:21Z" description="根据GUID获取指定用户" finished-at="2021-06-23T03:23:21Z">
          <exception class="java.lang.NullPointerException">
            <full-stacktrace>
              <![CDATA[java.lang.NullPointerException
at com.autotest.mysoft.IOrganizationPublicServiceTest.testGetUser01(IOrganizationPublicServiceTest.java:552)
at sun.reflect.NativeMethodAccessorImpl.invoke0(Native Method)
at sun.reflect.NativeMethodAccessorImpl.invoke(NativeMethodAccessorImpl.java:62)
at sun.reflect.DelegatingMethodAccessorImpl.invoke(DelegatingMethodAccessorImpl.java:43)
at java.lang.reflect.Method.invoke(Method.java:498)
at org.testng.internal.MethodInvocationHelper.invokeMethod(MethodInvocationHelper.java:124)
at org.testng.internal.Invoker.invokeMethod(Invoker.java:583)
at org.testng.internal.Invoker.invokeTestMethod(Invoker.java:719)
at org.testng.internal.Invoker.invokeTestMethods(Invoker.java:989)
at org.testng.internal.TestMethodWorker.invokeTestMethods(TestMethodWorker.java:125)
at org.testng.internal.TestMethodWorker.run(TestMethodWorker.java:109)
at org.testng.TestRunner.privateRun(TestRunner.java:648)
at org.testng.TestRunner.run(TestRunner.java:505)
at org.testng.SuiteRunner.runTest(SuiteRunner.java:455)
at org.testng.SuiteRunner.runSequentially(SuiteRunner.java:450)
at org.testng.SuiteRunner.privateRun(SuiteRunner.java:415)
at org.testng.SuiteRunner.run(SuiteRunner.java:364)
at org.testng.SuiteRunnerWorker.runSuite(SuiteRunnerWorker.java:52)
at org.testng.SuiteRunnerWorker.run(SuiteRunnerWorker.java:84)
at org.testng.TestNG.runSuitesSequentially(TestNG.java:1208)
at org.testng.TestNG.runSuitesLocally(TestNG.java:1137)
at org.testng.TestNG.runSuites(TestNG.java:1049)
at org.testng.TestNG.run(TestNG.java:1017)
at com.autotest.RunCase.main(RunCase.java:57)
]]>
            </full-stacktrace>
          </exception> <!-- java.lang.NullPointerException -->
          <reporter-output>
          </reporter-output>
        </test-method> <!-- testGetUser01 -->
        <test-method status="FAIL" signature="testGetUserActionRightInfos01()[pri:0, instance:com.autotest.mysoft.IOrganizationPublicServiceTest@2805c96b]" name="testGetUserActionRightInfos01" duration-ms="7" started-at="2021-06-23T03:23:21Z" description="获取用户的所有权限" finished-at="2021-06-23T03:23:21Z">
          <exception class="java.lang.NullPointerException">
            <full-stacktrace>
              <![CDATA[java.lang.NullPointerException
at com.autotest.mysoft.IOrganizationPublicServiceTest.testGetUserActionRightInfos01(IOrganizationPublicServiceTest.java:570)
at sun.reflect.NativeMethodAccessorImpl.invoke0(Native Method)
at sun.reflect.NativeMethodAccessorImpl.invoke(NativeMethodAccessorImpl.java:62)
at sun.reflect.DelegatingMethodAccessorImpl.invoke(DelegatingMethodAccessorImpl.java:43)
at java.lang.reflect.Method.invoke(Method.java:498)
at org.testng.internal.MethodInvocationHelper.invokeMethod(MethodInvocationHelper.java:124)
at org.testng.internal.Invoker.invokeMethod(Invoker.java:583)
at org.testng.internal.Invoker.invokeTestMethod(Invoker.java:719)
at org.testng.internal.Invoker.invokeTestMethods(Invoker.java:989)
at org.testng.internal.TestMethodWorker.invokeTestMethods(TestMethodWorker.java:125)
at org.testng.internal.TestMethodWorker.run(TestMethodWorker.java:109)
at org.testng.TestRunner.privateRun(TestRunner.java:648)
at org.testng.TestRunner.run(TestRunner.java:505)
at org.testng.SuiteRunner.runTest(SuiteRunner.java:455)
at org.testng.SuiteRunner.runSequentially(SuiteRunner.java:450)
at org.testng.SuiteRunner.privateRun(SuiteRunner.java:415)
at org.testng.SuiteRunner.run(SuiteRunner.java:364)
at org.testng.SuiteRunnerWorker.runSuite(SuiteRunnerWorker.java:52)
at org.testng.SuiteRunnerWorker.run(SuiteRunnerWorker.java:84)
at org.testng.TestNG.runSuitesSequentially(TestNG.java:1208)
at org.testng.TestNG.runSuitesLocally(TestNG.java:1137)
at org.testng.TestNG.runSuites(TestNG.java:1049)
at org.testng.TestNG.run(TestNG.java:1017)
at com.autotest.RunCase.main(RunCase.java:57)
]]>
            </full-stacktrace>
          </exception> <!-- java.lang.NullPointerException -->
          <reporter-output>
          </reporter-output>
        </test-method> <!-- testGetUserActionRightInfos01 -->
        <test-method status="FAIL" signature="testGetUserByAnalyzeGlobalRoleProject01()[pri:0, instance:com.autotest.mysoft.IOrganizationPublicServiceTest@2805c96b]" name="testGetUserByAnalyzeGlobalRoleProject01" duration-ms="5" started-at="2021-06-23T03:23:21Z" description="解析通用角色获取用户" finished-at="2021-06-23T03:23:21Z">
          <exception class="java.lang.NullPointerException">
            <full-stacktrace>
              <![CDATA[java.lang.NullPointerException
at com.autotest.mysoft.IOrganizationPublicServiceTest.testGetUserByAnalyzeGlobalRoleProject01(IOrganizationPublicServiceTest.java:730)
at sun.reflect.NativeMethodAccessorImpl.invoke0(Native Method)
at sun.reflect.NativeMethodAccessorImpl.invoke(NativeMethodAccessorImpl.java:62)
at sun.reflect.DelegatingMethodAccessorImpl.invoke(DelegatingMethodAccessorImpl.java:43)
at java.lang.reflect.Method.invoke(Method.java:498)
at org.testng.internal.MethodInvocationHelper.invokeMethod(MethodInvocationHelper.java:124)
at org.testng.internal.Invoker.invokeMethod(Invoker.java:583)
at org.testng.internal.Invoker.invokeTestMethod(Invoker.java:719)
at org.testng.internal.Invoker.invokeTestMethods(Invoker.java:989)
at org.testng.internal.TestMethodWorker.invokeTestMethods(TestMethodWorker.java:125)
at org.testng.internal.TestMethodWorker.run(TestMethodWorker.java:109)
at org.testng.TestRunner.privateRun(TestRunner.java:648)
at org.testng.TestRunner.run(TestRunner.java:505)
at org.testng.SuiteRunner.runTest(SuiteRunner.java:455)
at org.testng.SuiteRunner.runSequentially(SuiteRunner.java:450)
at org.testng.SuiteRunner.privateRun(SuiteRunner.java:415)
at org.testng.SuiteRunner.run(SuiteRunner.java:364)
at org.testng.SuiteRunnerWorker.runSuite(SuiteRunnerWorker.java:52)
at org.testng.SuiteRunnerWorker.run(SuiteRunnerWorker.java:84)
at org.testng.TestNG.runSuitesSequentially(TestNG.java:1208)
at org.testng.TestNG.runSuitesLocally(TestNG.java:1137)
at org.testng.TestNG.runSuites(TestNG.java:1049)
at org.testng.TestNG.run(TestNG.java:1017)
at com.autotest.RunCase.main(RunCase.java:57)
]]>
            </full-stacktrace>
          </exception> <!-- java.lang.NullPointerException -->
          <reporter-output>
          </reporter-output>
        </test-method> <!-- testGetUserByAnalyzeGlobalRoleProject01 -->
        <test-method status="FAIL" signature="testGetUserByOrganization01()[pri:0, instance:com.autotest.mysoft.IOrganizationPublicServiceTest@2805c96b]" name="testGetUserByOrganization01" duration-ms="3" started-at="2021-06-23T03:23:21Z" description="获取组织下的用户" finished-at="2021-06-23T03:23:21Z">
          <exception class="java.lang.NullPointerException">
            <full-stacktrace>
              <![CDATA[java.lang.NullPointerException
at com.autotest.mysoft.IOrganizationPublicServiceTest.testGetUserByOrganization01(IOrganizationPublicServiceTest.java:44)
at sun.reflect.NativeMethodAccessorImpl.invoke0(Native Method)
at sun.reflect.NativeMethodAccessorImpl.invoke(NativeMethodAccessorImpl.java:62)
at sun.reflect.DelegatingMethodAccessorImpl.invoke(DelegatingMethodAccessorImpl.java:43)
at java.lang.reflect.Method.invoke(Method.java:498)
at org.testng.internal.MethodInvocationHelper.invokeMethod(MethodInvocationHelper.java:124)
at org.testng.internal.Invoker.invokeMethod(Invoker.java:583)
at org.testng.internal.Invoker.invokeTestMethod(Invoker.java:719)
at org.testng.internal.Invoker.invokeTestMethods(Invoker.java:989)
at org.testng.internal.TestMethodWorker.invokeTestMethods(TestMethodWorker.java:125)
at org.testng.internal.TestMethodWorker.run(TestMethodWorker.java:109)
at org.testng.TestRunner.privateRun(TestRunner.java:648)
at org.testng.TestRunner.run(TestRunner.java:505)
at org.testng.SuiteRunner.runTest(SuiteRunner.java:455)
at org.testng.SuiteRunner.runSequentially(SuiteRunner.java:450)
at org.testng.SuiteRunner.privateRun(SuiteRunner.java:415)
at org.testng.SuiteRunner.run(SuiteRunner.java:364)
at org.testng.SuiteRunnerWorker.runSuite(SuiteRunnerWorker.java:52)
at org.testng.SuiteRunnerWorker.run(SuiteRunnerWorker.java:84)
at org.testng.TestNG.runSuitesSequentially(TestNG.java:1208)
at org.testng.TestNG.runSuitesLocally(TestNG.java:1137)
at org.testng.TestNG.runSuites(TestNG.java:1049)
at org.testng.TestNG.run(TestNG.java:1017)
at com.autotest.RunCase.main(RunCase.java:57)
]]>
            </full-stacktrace>
          </exception> <!-- java.lang.NullPointerException -->
          <reporter-output>
          </reporter-output>
        </test-method> <!-- testGetUserByOrganization01 -->
        <test-method status="FAIL" signature="testGetUserOrgAndRoles01()[pri:0, instance:com.autotest.mysoft.IOrganizationPublicServiceTest@2805c96b]" name="testGetUserOrgAndRoles01" duration-ms="9" started-at="2021-06-23T03:23:21Z" description="获取用户组织角色根据用户过滤" finished-at="2021-06-23T03:23:21Z">
          <exception class="java.lang.NullPointerException">
            <full-stacktrace>
              <![CDATA[java.lang.NullPointerException
at com.autotest.mysoft.IOrganizationPublicServiceTest.testGetUserOrgAndRoles01(IOrganizationPublicServiceTest.java:610)
at sun.reflect.NativeMethodAccessorImpl.invoke0(Native Method)
at sun.reflect.NativeMethodAccessorImpl.invoke(NativeMethodAccessorImpl.java:62)
at sun.reflect.DelegatingMethodAccessorImpl.invoke(DelegatingMethodAccessorImpl.java:43)
at java.lang.reflect.Method.invoke(Method.java:498)
at org.testng.internal.MethodInvocationHelper.invokeMethod(MethodInvocationHelper.java:124)
at org.testng.internal.Invoker.invokeMethod(Invoker.java:583)
at org.testng.internal.Invoker.invokeTestMethod(Invoker.java:719)
at org.testng.internal.Invoker.invokeTestMethods(Invoker.java:989)
at org.testng.internal.TestMethodWorker.invokeTestMethods(TestMethodWorker.java:125)
at org.testng.internal.TestMethodWorker.run(TestMethodWorker.java:109)
at org.testng.TestRunner.privateRun(TestRunner.java:648)
at org.testng.TestRunner.run(TestRunner.java:505)
at org.testng.SuiteRunner.runTest(SuiteRunner.java:455)
at org.testng.SuiteRunner.runSequentially(SuiteRunner.java:450)
at org.testng.SuiteRunner.privateRun(SuiteRunner.java:415)
at org.testng.SuiteRunner.run(SuiteRunner.java:364)
at org.testng.SuiteRunnerWorker.runSuite(SuiteRunnerWorker.java:52)
at org.testng.SuiteRunnerWorker.run(SuiteRunnerWorker.java:84)
at org.testng.TestNG.runSuitesSequentially(TestNG.java:1208)
at org.testng.TestNG.runSuitesLocally(TestNG.java:1137)
at org.testng.TestNG.runSuites(TestNG.java:1049)
at org.testng.TestNG.run(TestNG.java:1017)
at com.autotest.RunCase.main(RunCase.java:57)
]]>
            </full-stacktrace>
          </exception> <!-- java.lang.NullPointerException -->
          <reporter-output>
          </reporter-output>
        </test-method> <!-- testGetUserOrgAndRoles01 -->
        <test-method status="FAIL" signature="testGetUserOrgAndRolesByBuguid01()[pri:0, instance:com.autotest.mysoft.IOrganizationPublicServiceTest@2805c96b]" name="testGetUserOrgAndRolesByBuguid01" duration-ms="6" started-at="2021-06-23T03:23:21Z" description="获取用户组织角色根据组织过滤" finished-at="2021-06-23T03:23:21Z">
          <exception class="java.lang.NullPointerException">
            <full-stacktrace>
              <![CDATA[java.lang.NullPointerException
at com.autotest.mysoft.IOrganizationPublicServiceTest.testGetUserOrgAndRolesByBuguid01(IOrganizationPublicServiceTest.java:631)
at sun.reflect.NativeMethodAccessorImpl.invoke0(Native Method)
at sun.reflect.NativeMethodAccessorImpl.invoke(NativeMethodAccessorImpl.java:62)
at sun.reflect.DelegatingMethodAccessorImpl.invoke(DelegatingMethodAccessorImpl.java:43)
at java.lang.reflect.Method.invoke(Method.java:498)
at org.testng.internal.MethodInvocationHelper.invokeMethod(MethodInvocationHelper.java:124)
at org.testng.internal.Invoker.invokeMethod(Invoker.java:583)
at org.testng.internal.Invoker.invokeTestMethod(Invoker.java:719)
at org.testng.internal.Invoker.invokeTestMethods(Invoker.java:989)
at org.testng.internal.TestMethodWorker.invokeTestMethods(TestMethodWorker.java:125)
at org.testng.internal.TestMethodWorker.run(TestMethodWorker.java:109)
at org.testng.TestRunner.privateRun(TestRunner.java:648)
at org.testng.TestRunner.run(TestRunner.java:505)
at org.testng.SuiteRunner.runTest(SuiteRunner.java:455)
at org.testng.SuiteRunner.runSequentially(SuiteRunner.java:450)
at org.testng.SuiteRunner.privateRun(SuiteRunner.java:415)
at org.testng.SuiteRunner.run(SuiteRunner.java:364)
at org.testng.SuiteRunnerWorker.runSuite(SuiteRunnerWorker.java:52)
at org.testng.SuiteRunnerWorker.run(SuiteRunnerWorker.java:84)
at org.testng.TestNG.runSuitesSequentially(TestNG.java:1208)
at org.testng.TestNG.runSuitesLocally(TestNG.java:1137)
at org.testng.TestNG.runSuites(TestNG.java:1049)
at org.testng.TestNG.run(TestNG.java:1017)
at com.autotest.RunCase.main(RunCase.java:57)
]]>
            </full-stacktrace>
          </exception> <!-- java.lang.NullPointerException -->
          <reporter-output>
          </reporter-output>
        </test-method> <!-- testGetUserOrgAndRolesByBuguid01 -->
        <test-method status="FAIL" signature="testGetUserOrgAndRolesByRolesId01()[pri:0, instance:com.autotest.mysoft.IOrganizationPublicServiceTest@2805c96b]" name="testGetUserOrgAndRolesByRolesId01" duration-ms="11" started-at="2021-06-23T03:23:21Z" description="获取用户组织角色根据角色过滤" finished-at="2021-06-23T03:23:21Z">
          <exception class="java.lang.NullPointerException">
            <full-stacktrace>
              <![CDATA[java.lang.NullPointerException
at com.autotest.mysoft.IOrganizationPublicServiceTest.testGetUserOrgAndRolesByRolesId01(IOrganizationPublicServiceTest.java:653)
at sun.reflect.NativeMethodAccessorImpl.invoke0(Native Method)
at sun.reflect.NativeMethodAccessorImpl.invoke(NativeMethodAccessorImpl.java:62)
at sun.reflect.DelegatingMethodAccessorImpl.invoke(DelegatingMethodAccessorImpl.java:43)
at java.lang.reflect.Method.invoke(Method.java:498)
at org.testng.internal.MethodInvocationHelper.invokeMethod(MethodInvocationHelper.java:124)
at org.testng.internal.Invoker.invokeMethod(Invoker.java:583)
at org.testng.internal.Invoker.invokeTestMethod(Invoker.java:719)
at org.testng.internal.Invoker.invokeTestMethods(Invoker.java:989)
at org.testng.internal.TestMethodWorker.invokeTestMethods(TestMethodWorker.java:125)
at org.testng.internal.TestMethodWorker.run(TestMethodWorker.java:109)
at org.testng.TestRunner.privateRun(TestRunner.java:648)
at org.testng.TestRunner.run(TestRunner.java:505)
at org.testng.SuiteRunner.runTest(SuiteRunner.java:455)
at org.testng.SuiteRunner.runSequentially(SuiteRunner.java:450)
at org.testng.SuiteRunner.privateRun(SuiteRunner.java:415)
at org.testng.SuiteRunner.run(SuiteRunner.java:364)
at org.testng.SuiteRunnerWorker.runSuite(SuiteRunnerWorker.java:52)
at org.testng.SuiteRunnerWorker.run(SuiteRunnerWorker.java:84)
at org.testng.TestNG.runSuitesSequentially(TestNG.java:1208)
at org.testng.TestNG.runSuitesLocally(TestNG.java:1137)
at org.testng.TestNG.runSuites(TestNG.java:1049)
at org.testng.TestNG.run(TestNG.java:1017)
at com.autotest.RunCase.main(RunCase.java:57)
]]>
            </full-stacktrace>
          </exception> <!-- java.lang.NullPointerException -->
          <reporter-output>
          </reporter-output>
        </test-method> <!-- testGetUserOrgAndRolesByRolesId01 -->
        <test-method status="FAIL" signature="testGetUserRoleDetailsByRoles01()[pri:0, instance:com.autotest.mysoft.IOrganizationPublicServiceTest@2805c96b]" name="testGetUserRoleDetailsByRoles01" duration-ms="8" started-at="2021-06-23T03:23:21Z" description="获取角色下的组织用户列表" finished-at="2021-06-23T03:23:21Z">
          <exception class="java.lang.NullPointerException">
            <full-stacktrace>
              <![CDATA[java.lang.NullPointerException
at com.autotest.mysoft.IOrganizationPublicServiceTest.testGetUserRoleDetailsByRoles01(IOrganizationPublicServiceTest.java:462)
at sun.reflect.NativeMethodAccessorImpl.invoke0(Native Method)
at sun.reflect.NativeMethodAccessorImpl.invoke(NativeMethodAccessorImpl.java:62)
at sun.reflect.DelegatingMethodAccessorImpl.invoke(DelegatingMethodAccessorImpl.java:43)
at java.lang.reflect.Method.invoke(Method.java:498)
at org.testng.internal.MethodInvocationHelper.invokeMethod(MethodInvocationHelper.java:124)
at org.testng.internal.Invoker.invokeMethod(Invoker.java:583)
at org.testng.internal.Invoker.invokeTestMethod(Invoker.java:719)
at org.testng.internal.Invoker.invokeTestMethods(Invoker.java:989)
at org.testng.internal.TestMethodWorker.invokeTestMethods(TestMethodWorker.java:125)
at org.testng.internal.TestMethodWorker.run(TestMethodWorker.java:109)
at org.testng.TestRunner.privateRun(TestRunner.java:648)
at org.testng.TestRunner.run(TestRunner.java:505)
at org.testng.SuiteRunner.runTest(SuiteRunner.java:455)
at org.testng.SuiteRunner.runSequentially(SuiteRunner.java:450)
at org.testng.SuiteRunner.privateRun(SuiteRunner.java:415)
at org.testng.SuiteRunner.run(SuiteRunner.java:364)
at org.testng.SuiteRunnerWorker.runSuite(SuiteRunnerWorker.java:52)
at org.testng.SuiteRunnerWorker.run(SuiteRunnerWorker.java:84)
at org.testng.TestNG.runSuitesSequentially(TestNG.java:1208)
at org.testng.TestNG.runSuitesLocally(TestNG.java:1137)
at org.testng.TestNG.runSuites(TestNG.java:1049)
at org.testng.TestNG.run(TestNG.java:1017)
at com.autotest.RunCase.main(RunCase.java:57)
]]>
            </full-stacktrace>
          </exception> <!-- java.lang.NullPointerException -->
          <reporter-output>
          </reporter-output>
        </test-method> <!-- testGetUserRoleDetailsByRoles01 -->
        <test-method status="FAIL" signature="testGetUsers01()[pri:0, instance:com.autotest.mysoft.IOrganizationPublicServiceTest@2805c96b]" name="testGetUsers01" duration-ms="7" started-at="2021-06-23T03:23:21Z" description="根据条件查询用户列表接口" finished-at="2021-06-23T03:23:21Z">
          <exception class="java.lang.NullPointerException">
            <full-stacktrace>
              <![CDATA[java.lang.NullPointerException
at com.autotest.mysoft.IOrganizationPublicServiceTest.testGetUsers01(IOrganizationPublicServiceTest.java:64)
at sun.reflect.NativeMethodAccessorImpl.invoke0(Native Method)
at sun.reflect.NativeMethodAccessorImpl.invoke(NativeMethodAccessorImpl.java:62)
at sun.reflect.DelegatingMethodAccessorImpl.invoke(DelegatingMethodAccessorImpl.java:43)
at java.lang.reflect.Method.invoke(Method.java:498)
at org.testng.internal.MethodInvocationHelper.invokeMethod(MethodInvocationHelper.java:124)
at org.testng.internal.Invoker.invokeMethod(Invoker.java:583)
at org.testng.internal.Invoker.invokeTestMethod(Invoker.java:719)
at org.testng.internal.Invoker.invokeTestMethods(Invoker.java:989)
at org.testng.internal.TestMethodWorker.invokeTestMethods(TestMethodWorker.java:125)
at org.testng.internal.TestMethodWorker.run(TestMethodWorker.java:109)
at org.testng.TestRunner.privateRun(TestRunner.java:648)
at org.testng.TestRunner.run(TestRunner.java:505)
at org.testng.SuiteRunner.runTest(SuiteRunner.java:455)
at org.testng.SuiteRunner.runSequentially(SuiteRunner.java:450)
at org.testng.SuiteRunner.privateRun(SuiteRunner.java:415)
at org.testng.SuiteRunner.run(SuiteRunner.java:364)
at org.testng.SuiteRunnerWorker.runSuite(SuiteRunnerWorker.java:52)
at org.testng.SuiteRunnerWorker.run(SuiteRunnerWorker.java:84)
at org.testng.TestNG.runSuitesSequentially(TestNG.java:1208)
at org.testng.TestNG.runSuitesLocally(TestNG.java:1137)
at org.testng.TestNG.runSuites(TestNG.java:1049)
at org.testng.TestNG.run(TestNG.java:1017)
at com.autotest.RunCase.main(RunCase.java:57)
]]>
            </full-stacktrace>
          </exception> <!-- java.lang.NullPointerException -->
          <reporter-output>
          </reporter-output>
        </test-method> <!-- testGetUsers01 -->
        <test-method status="FAIL" signature="testGetUsersByBatchCondition01()[pri:0, instance:com.autotest.mysoft.IOrganizationPublicServiceTest@2805c96b]" name="testGetUsersByBatchCondition01" duration-ms="6" started-at="2021-06-23T03:23:21Z" description="根据用户名或帐号模糊搜索用户列表接口" finished-at="2021-06-23T03:23:21Z">
          <exception class="java.lang.NullPointerException">
            <full-stacktrace>
              <![CDATA[java.lang.NullPointerException
at com.autotest.mysoft.IOrganizationPublicServiceTest.testGetUsersByBatchCondition01(IOrganizationPublicServiceTest.java:340)
at sun.reflect.NativeMethodAccessorImpl.invoke0(Native Method)
at sun.reflect.NativeMethodAccessorImpl.invoke(NativeMethodAccessorImpl.java:62)
at sun.reflect.DelegatingMethodAccessorImpl.invoke(DelegatingMethodAccessorImpl.java:43)
at java.lang.reflect.Method.invoke(Method.java:498)
at org.testng.internal.MethodInvocationHelper.invokeMethod(MethodInvocationHelper.java:124)
at org.testng.internal.Invoker.invokeMethod(Invoker.java:583)
at org.testng.internal.Invoker.invokeTestMethod(Invoker.java:719)
at org.testng.internal.Invoker.invokeTestMethods(Invoker.java:989)
at org.testng.internal.TestMethodWorker.invokeTestMethods(TestMethodWorker.java:125)
at org.testng.internal.TestMethodWorker.run(TestMethodWorker.java:109)
at org.testng.TestRunner.privateRun(TestRunner.java:648)
at org.testng.TestRunner.run(TestRunner.java:505)
at org.testng.SuiteRunner.runTest(SuiteRunner.java:455)
at org.testng.SuiteRunner.runSequentially(SuiteRunner.java:450)
at org.testng.SuiteRunner.privateRun(SuiteRunner.java:415)
at org.testng.SuiteRunner.run(SuiteRunner.java:364)
at org.testng.SuiteRunnerWorker.runSuite(SuiteRunnerWorker.java:52)
at org.testng.SuiteRunnerWorker.run(SuiteRunnerWorker.java:84)
at org.testng.TestNG.runSuitesSequentially(TestNG.java:1208)
at org.testng.TestNG.runSuitesLocally(TestNG.java:1137)
at org.testng.TestNG.runSuites(TestNG.java:1049)
at org.testng.TestNG.run(TestNG.java:1017)
at com.autotest.RunCase.main(RunCase.java:57)
]]>
            </full-stacktrace>
          </exception> <!-- java.lang.NullPointerException -->
          <reporter-output>
          </reporter-output>
        </test-method> <!-- testGetUsersByBatchCondition01 -->
        <test-method status="FAIL" signature="testGetUsersByIds01()[pri:0, instance:com.autotest.mysoft.IOrganizationPublicServiceTest@2805c96b]" name="testGetUsersByIds01" duration-ms="5" started-at="2021-06-23T03:23:21Z" description="获取用户集合" finished-at="2021-06-23T03:23:21Z">
          <exception class="java.lang.NullPointerException">
            <full-stacktrace>
              <![CDATA[java.lang.NullPointerException
at com.autotest.mysoft.IOrganizationPublicServiceTest.testGetUsersByIds01(IOrganizationPublicServiceTest.java:589)
at sun.reflect.NativeMethodAccessorImpl.invoke0(Native Method)
at sun.reflect.NativeMethodAccessorImpl.invoke(NativeMethodAccessorImpl.java:62)
at sun.reflect.DelegatingMethodAccessorImpl.invoke(DelegatingMethodAccessorImpl.java:43)
at java.lang.reflect.Method.invoke(Method.java:498)
at org.testng.internal.MethodInvocationHelper.invokeMethod(MethodInvocationHelper.java:124)
at org.testng.internal.Invoker.invokeMethod(Invoker.java:583)
at org.testng.internal.Invoker.invokeTestMethod(Invoker.java:719)
at org.testng.internal.Invoker.invokeTestMethods(Invoker.java:989)
at org.testng.internal.TestMethodWorker.invokeTestMethods(TestMethodWorker.java:125)
at org.testng.internal.TestMethodWorker.run(TestMethodWorker.java:109)
at org.testng.TestRunner.privateRun(TestRunner.java:648)
at org.testng.TestRunner.run(TestRunner.java:505)
at org.testng.SuiteRunner.runTest(SuiteRunner.java:455)
at org.testng.SuiteRunner.runSequentially(SuiteRunner.java:450)
at org.testng.SuiteRunner.privateRun(SuiteRunner.java:415)
at org.testng.SuiteRunner.run(SuiteRunner.java:364)
at org.testng.SuiteRunnerWorker.runSuite(SuiteRunnerWorker.java:52)
at org.testng.SuiteRunnerWorker.run(SuiteRunnerWorker.java:84)
at org.testng.TestNG.runSuitesSequentially(TestNG.java:1208)
at org.testng.TestNG.runSuitesLocally(TestNG.java:1137)
at org.testng.TestNG.runSuites(TestNG.java:1049)
at org.testng.TestNG.run(TestNG.java:1017)
at com.autotest.RunCase.main(RunCase.java:57)
]]>
            </full-stacktrace>
          </exception> <!-- java.lang.NullPointerException -->
          <reporter-output>
          </reporter-output>
        </test-method> <!-- testGetUsersByIds01 -->
        <test-method status="FAIL" signature="testGetUsersByOrganizationRecursive01()[pri:0, instance:com.autotest.mysoft.IOrganizationPublicServiceTest@2805c96b]" name="testGetUsersByOrganizationRecursive01" duration-ms="7" started-at="2021-06-23T03:23:21Z" description="查询组织下的所有用户(根据组织查组织下的所有用户)" finished-at="2021-06-23T03:23:21Z">
          <exception class="java.lang.NullPointerException">
            <full-stacktrace>
              <![CDATA[java.lang.NullPointerException
at com.autotest.mysoft.IOrganizationPublicServiceTest.testGetUsersByOrganizationRecursive01(IOrganizationPublicServiceTest.java:159)
at sun.reflect.NativeMethodAccessorImpl.invoke0(Native Method)
at sun.reflect.NativeMethodAccessorImpl.invoke(NativeMethodAccessorImpl.java:62)
at sun.reflect.DelegatingMethodAccessorImpl.invoke(DelegatingMethodAccessorImpl.java:43)
at java.lang.reflect.Method.invoke(Method.java:498)
at org.testng.internal.MethodInvocationHelper.invokeMethod(MethodInvocationHelper.java:124)
at org.testng.internal.Invoker.invokeMethod(Invoker.java:583)
at org.testng.internal.Invoker.invokeTestMethod(Invoker.java:719)
at org.testng.internal.Invoker.invokeTestMethods(Invoker.java:989)
at org.testng.internal.TestMethodWorker.invokeTestMethods(TestMethodWorker.java:125)
at org.testng.internal.TestMethodWorker.run(TestMethodWorker.java:109)
at org.testng.TestRunner.privateRun(TestRunner.java:648)
at org.testng.TestRunner.run(TestRunner.java:505)
at org.testng.SuiteRunner.runTest(SuiteRunner.java:455)
at org.testng.SuiteRunner.runSequentially(SuiteRunner.java:450)
at org.testng.SuiteRunner.privateRun(SuiteRunner.java:415)
at org.testng.SuiteRunner.run(SuiteRunner.java:364)
at org.testng.SuiteRunnerWorker.runSuite(SuiteRunnerWorker.java:52)
at org.testng.SuiteRunnerWorker.run(SuiteRunnerWorker.java:84)
at org.testng.TestNG.runSuitesSequentially(TestNG.java:1208)
at org.testng.TestNG.runSuitesLocally(TestNG.java:1137)
at org.testng.TestNG.runSuites(TestNG.java:1049)
at org.testng.TestNG.run(TestNG.java:1017)
at com.autotest.RunCase.main(RunCase.java:57)
]]>
            </full-stacktrace>
          </exception> <!-- java.lang.NullPointerException -->
          <reporter-output>
          </reporter-output>
        </test-method> <!-- testGetUsersByOrganizationRecursive01 -->
        <test-method status="FAIL" signature="testGetUsersPaging01()[pri:0, instance:com.autotest.mysoft.IOrganizationPublicServiceTest@2805c96b]" name="testGetUsersPaging01" duration-ms="5" started-at="2021-06-23T03:23:21Z" description="根据条件查询用户列表分页接口" finished-at="2021-06-23T03:23:21Z">
          <exception class="java.lang.NullPointerException">
            <full-stacktrace>
              <![CDATA[java.lang.NullPointerException
at com.autotest.mysoft.IOrganizationPublicServiceTest.testGetUsersPaging01(IOrganizationPublicServiceTest.java:241)
at sun.reflect.NativeMethodAccessorImpl.invoke0(Native Method)
at sun.reflect.NativeMethodAccessorImpl.invoke(NativeMethodAccessorImpl.java:62)
at sun.reflect.DelegatingMethodAccessorImpl.invoke(DelegatingMethodAccessorImpl.java:43)
at java.lang.reflect.Method.invoke(Method.java:498)
at org.testng.internal.MethodInvocationHelper.invokeMethod(MethodInvocationHelper.java:124)
at org.testng.internal.Invoker.invokeMethod(Invoker.java:583)
at org.testng.internal.Invoker.invokeTestMethod(Invoker.java:719)
at org.testng.internal.Invoker.invokeTestMethods(Invoker.java:989)
at org.testng.internal.TestMethodWorker.invokeTestMethods(TestMethodWorker.java:125)
at org.testng.internal.TestMethodWorker.run(TestMethodWorker.java:109)
at org.testng.TestRunner.privateRun(TestRunner.java:648)
at org.testng.TestRunner.run(TestRunner.java:505)
at org.testng.SuiteRunner.runTest(SuiteRunner.java:455)
at org.testng.SuiteRunner.runSequentially(SuiteRunner.java:450)
at org.testng.SuiteRunner.privateRun(SuiteRunner.java:415)
at org.testng.SuiteRunner.run(SuiteRunner.java:364)
at org.testng.SuiteRunnerWorker.runSuite(SuiteRunnerWorker.java:52)
at org.testng.SuiteRunnerWorker.run(SuiteRunnerWorker.java:84)
at org.testng.TestNG.runSuitesSequentially(TestNG.java:1208)
at org.testng.TestNG.runSuitesLocally(TestNG.java:1137)
at org.testng.TestNG.runSuites(TestNG.java:1049)
at org.testng.TestNG.run(TestNG.java:1017)
at com.autotest.RunCase.main(RunCase.java:57)
]]>
            </full-stacktrace>
          </exception> <!-- java.lang.NullPointerException -->
          <reporter-output>
          </reporter-output>
        </test-method> <!-- testGetUsersPaging01 -->
        <test-method status="FAIL" signature="testQueryBUPersonInCharge01()[pri:0, instance:com.autotest.mysoft.IOrganizationPublicServiceTest@2805c96b]" name="testQueryBUPersonInCharge01" duration-ms="6" started-at="2021-06-23T03:23:21Z" description="计划系统根据部门ID集合批量获取部门负责人" finished-at="2021-06-23T03:23:21Z">
          <exception class="java.lang.NullPointerException">
            <full-stacktrace>
              <![CDATA[java.lang.NullPointerException
at com.autotest.mysoft.IOrganizationPublicServiceTest.testQueryBUPersonInCharge01(IOrganizationPublicServiceTest.java:206)
at sun.reflect.NativeMethodAccessorImpl.invoke0(Native Method)
at sun.reflect.NativeMethodAccessorImpl.invoke(NativeMethodAccessorImpl.java:62)
at sun.reflect.DelegatingMethodAccessorImpl.invoke(DelegatingMethodAccessorImpl.java:43)
at java.lang.reflect.Method.invoke(Method.java:498)
at org.testng.internal.MethodInvocationHelper.invokeMethod(MethodInvocationHelper.java:124)
at org.testng.internal.Invoker.invokeMethod(Invoker.java:583)
at org.testng.internal.Invoker.invokeTestMethod(Invoker.java:719)
at org.testng.internal.Invoker.invokeTestMethods(Invoker.java:989)
at org.testng.internal.TestMethodWorker.invokeTestMethods(TestMethodWorker.java:125)
at org.testng.internal.TestMethodWorker.run(TestMethodWorker.java:109)
at org.testng.TestRunner.privateRun(TestRunner.java:648)
at org.testng.TestRunner.run(TestRunner.java:505)
at org.testng.SuiteRunner.runTest(SuiteRunner.java:455)
at org.testng.SuiteRunner.runSequentially(SuiteRunner.java:450)
at org.testng.SuiteRunner.privateRun(SuiteRunner.java:415)
at org.testng.SuiteRunner.run(SuiteRunner.java:364)
at org.testng.SuiteRunnerWorker.runSuite(SuiteRunnerWorker.java:52)
at org.testng.SuiteRunnerWorker.run(SuiteRunnerWorker.java:84)
at org.testng.TestNG.runSuitesSequentially(TestNG.java:1208)
at org.testng.TestNG.runSuitesLocally(TestNG.java:1137)
at org.testng.TestNG.runSuites(TestNG.java:1049)
at org.testng.TestNG.run(TestNG.java:1017)
at com.autotest.RunCase.main(RunCase.java:57)
]]>
            </full-stacktrace>
          </exception> <!-- java.lang.NullPointerException -->
          <reporter-output>
          </reporter-output>
        </test-method> <!-- testQueryBUPersonInCharge01 -->
        <test-method status="FAIL" signature="testQueryBUTreeDataListByBUID01()[pri:0, instance:com.autotest.mysoft.IOrganizationPublicServiceTest@2805c96b]" name="testQueryBUTreeDataListByBUID01" duration-ms="6" started-at="2021-06-23T03:23:21Z" description="根据组织ID查询所有子集" finished-at="2021-06-23T03:23:21Z">
          <exception class="java.lang.NullPointerException">
            <full-stacktrace>
              <![CDATA[java.lang.NullPointerException
at com.autotest.mysoft.IOrganizationPublicServiceTest.testQueryBUTreeDataListByBUID01(IOrganizationPublicServiceTest.java:395)
at sun.reflect.NativeMethodAccessorImpl.invoke0(Native Method)
at sun.reflect.NativeMethodAccessorImpl.invoke(NativeMethodAccessorImpl.java:62)
at sun.reflect.DelegatingMethodAccessorImpl.invoke(DelegatingMethodAccessorImpl.java:43)
at java.lang.reflect.Method.invoke(Method.java:498)
at org.testng.internal.MethodInvocationHelper.invokeMethod(MethodInvocationHelper.java:124)
at org.testng.internal.Invoker.invokeMethod(Invoker.java:583)
at org.testng.internal.Invoker.invokeTestMethod(Invoker.java:719)
at org.testng.internal.Invoker.invokeTestMethods(Invoker.java:989)
at org.testng.internal.TestMethodWorker.invokeTestMethods(TestMethodWorker.java:125)
at org.testng.internal.TestMethodWorker.run(TestMethodWorker.java:109)
at org.testng.TestRunner.privateRun(TestRunner.java:648)
at org.testng.TestRunner.run(TestRunner.java:505)
at org.testng.SuiteRunner.runTest(SuiteRunner.java:455)
at org.testng.SuiteRunner.runSequentially(SuiteRunner.java:450)
at org.testng.SuiteRunner.privateRun(SuiteRunner.java:415)
at org.testng.SuiteRunner.run(SuiteRunner.java:364)
at org.testng.SuiteRunnerWorker.runSuite(SuiteRunnerWorker.java:52)
at org.testng.SuiteRunnerWorker.run(SuiteRunnerWorker.java:84)
at org.testng.TestNG.runSuitesSequentially(TestNG.java:1208)
at org.testng.TestNG.runSuitesLocally(TestNG.java:1137)
at org.testng.TestNG.runSuites(TestNG.java:1049)
at org.testng.TestNG.run(TestNG.java:1017)
at com.autotest.RunCase.main(RunCase.java:57)
]]>
            </full-stacktrace>
          </exception> <!-- java.lang.NullPointerException -->
          <reporter-output>
          </reporter-output>
        </test-method> <!-- testQueryBUTreeDataListByBUID01 -->
        <test-method status="FAIL" signature="testQueryOrganizationByIds01()[pri:0, instance:com.autotest.mysoft.IOrganizationPublicServiceTest@2805c96b]" name="testQueryOrganizationByIds01" duration-ms="14" started-at="2021-06-23T03:23:21Z" description="根据一组组织id批量查询组织详情" finished-at="2021-06-23T03:23:21Z">
          <exception class="java.lang.NullPointerException">
            <full-stacktrace>
              <![CDATA[java.lang.NullPointerException
at com.autotest.mysoft.IOrganizationPublicServiceTest.testQueryOrganizationByIds01(IOrganizationPublicServiceTest.java:259)
at sun.reflect.NativeMethodAccessorImpl.invoke0(Native Method)
at sun.reflect.NativeMethodAccessorImpl.invoke(NativeMethodAccessorImpl.java:62)
at sun.reflect.DelegatingMethodAccessorImpl.invoke(DelegatingMethodAccessorImpl.java:43)
at java.lang.reflect.Method.invoke(Method.java:498)
at org.testng.internal.MethodInvocationHelper.invokeMethod(MethodInvocationHelper.java:124)
at org.testng.internal.Invoker.invokeMethod(Invoker.java:583)
at org.testng.internal.Invoker.invokeTestMethod(Invoker.java:719)
at org.testng.internal.Invoker.invokeTestMethods(Invoker.java:989)
at org.testng.internal.TestMethodWorker.invokeTestMethods(TestMethodWorker.java:125)
at org.testng.internal.TestMethodWorker.run(TestMethodWorker.java:109)
at org.testng.TestRunner.privateRun(TestRunner.java:648)
at org.testng.TestRunner.run(TestRunner.java:505)
at org.testng.SuiteRunner.runTest(SuiteRunner.java:455)
at org.testng.SuiteRunner.runSequentially(SuiteRunner.java:450)
at org.testng.SuiteRunner.privateRun(SuiteRunner.java:415)
at org.testng.SuiteRunner.run(SuiteRunner.java:364)
at org.testng.SuiteRunnerWorker.runSuite(SuiteRunnerWorker.java:52)
at org.testng.SuiteRunnerWorker.run(SuiteRunnerWorker.java:84)
at org.testng.TestNG.runSuitesSequentially(TestNG.java:1208)
at org.testng.TestNG.runSuitesLocally(TestNG.java:1137)
at org.testng.TestNG.runSuites(TestNG.java:1049)
at org.testng.TestNG.run(TestNG.java:1017)
at com.autotest.RunCase.main(RunCase.java:57)
]]>
            </full-stacktrace>
          </exception> <!-- java.lang.NullPointerException -->
          <reporter-output>
          </reporter-output>
        </test-method> <!-- testQueryOrganizationByIds01 -->
        <test-method status="FAIL" signature="testQueryUserByOrganizationRolesProject01()[pri:0, instance:com.autotest.mysoft.IOrganizationPublicServiceTest@2805c96b]" name="testQueryUserByOrganizationRolesProject01" duration-ms="2" started-at="2021-06-23T03:23:21Z" description="根据组织、角色集合、项目解析用户" finished-at="2021-06-23T03:23:21Z">
          <exception class="java.lang.NullPointerException">
            <full-stacktrace>
              <![CDATA[java.lang.NullPointerException
at com.autotest.mysoft.IOrganizationPublicServiceTest.testQueryUserByOrganizationRolesProject01(IOrganizationPublicServiceTest.java:372)
at sun.reflect.NativeMethodAccessorImpl.invoke0(Native Method)
at sun.reflect.NativeMethodAccessorImpl.invoke(NativeMethodAccessorImpl.java:62)
at sun.reflect.DelegatingMethodAccessorImpl.invoke(DelegatingMethodAccessorImpl.java:43)
at java.lang.reflect.Method.invoke(Method.java:498)
at org.testng.internal.MethodInvocationHelper.invokeMethod(MethodInvocationHelper.java:124)
at org.testng.internal.Invoker.invokeMethod(Invoker.java:583)
at org.testng.internal.Invoker.invokeTestMethod(Invoker.java:719)
at org.testng.internal.Invoker.invokeTestMethods(Invoker.java:989)
at org.testng.internal.TestMethodWorker.invokeTestMethods(TestMethodWorker.java:125)
at org.testng.internal.TestMethodWorker.run(TestMethodWorker.java:109)
at org.testng.TestRunner.privateRun(TestRunner.java:648)
at org.testng.TestRunner.run(TestRunner.java:505)
at org.testng.SuiteRunner.runTest(SuiteRunner.java:455)
at org.testng.SuiteRunner.runSequentially(SuiteRunner.java:450)
at org.testng.SuiteRunner.privateRun(SuiteRunner.java:415)
at org.testng.SuiteRunner.run(SuiteRunner.java:364)
at org.testng.SuiteRunnerWorker.runSuite(SuiteRunnerWorker.java:52)
at org.testng.SuiteRunnerWorker.run(SuiteRunnerWorker.java:84)
at org.testng.TestNG.runSuitesSequentially(TestNG.java:1208)
at org.testng.TestNG.runSuitesLocally(TestNG.java:1137)
at org.testng.TestNG.runSuites(TestNG.java:1049)
at org.testng.TestNG.run(TestNG.java:1017)
at com.autotest.RunCase.main(RunCase.java:57)
]]>
            </full-stacktrace>
          </exception> <!-- java.lang.NullPointerException -->
          <reporter-output>
          </reporter-output>
        </test-method> <!-- testQueryUserByOrganizationRolesProject01 -->
        <test-method status="FAIL" signature="testQueryUserCompanyInfoWithBU01()[pri:0, instance:com.autotest.mysoft.IOrganizationPublicServiceTest@2805c96b]" name="testQueryUserCompanyInfoWithBU01" duration-ms="5" started-at="2021-06-23T03:23:21Z" description="查询组织下的所有用户" finished-at="2021-06-23T03:23:21Z">
          <exception class="java.lang.NullPointerException">
            <full-stacktrace>
              <![CDATA[java.lang.NullPointerException
at com.autotest.mysoft.IOrganizationPublicServiceTest.testQueryUserCompanyInfoWithBU01(IOrganizationPublicServiceTest.java:111)
at sun.reflect.NativeMethodAccessorImpl.invoke0(Native Method)
at sun.reflect.NativeMethodAccessorImpl.invoke(NativeMethodAccessorImpl.java:62)
at sun.reflect.DelegatingMethodAccessorImpl.invoke(DelegatingMethodAccessorImpl.java:43)
at java.lang.reflect.Method.invoke(Method.java:498)
at org.testng.internal.MethodInvocationHelper.invokeMethod(MethodInvocationHelper.java:124)
at org.testng.internal.Invoker.invokeMethod(Invoker.java:583)
at org.testng.internal.Invoker.invokeTestMethod(Invoker.java:719)
at org.testng.internal.Invoker.invokeTestMethods(Invoker.java:989)
at org.testng.internal.TestMethodWorker.invokeTestMethods(TestMethodWorker.java:125)
at org.testng.internal.TestMethodWorker.run(TestMethodWorker.java:109)
at org.testng.TestRunner.privateRun(TestRunner.java:648)
at org.testng.TestRunner.run(TestRunner.java:505)
at org.testng.SuiteRunner.runTest(SuiteRunner.java:455)
at org.testng.SuiteRunner.runSequentially(SuiteRunner.java:450)
at org.testng.SuiteRunner.privateRun(SuiteRunner.java:415)
at org.testng.SuiteRunner.run(SuiteRunner.java:364)
at org.testng.SuiteRunnerWorker.runSuite(SuiteRunnerWorker.java:52)
at org.testng.SuiteRunnerWorker.run(SuiteRunnerWorker.java:84)
at org.testng.TestNG.runSuitesSequentially(TestNG.java:1208)
at org.testng.TestNG.runSuitesLocally(TestNG.java:1137)
at org.testng.TestNG.runSuites(TestNG.java:1049)
at org.testng.TestNG.run(TestNG.java:1017)
at com.autotest.RunCase.main(RunCase.java:57)
]]>
            </full-stacktrace>
          </exception> <!-- java.lang.NullPointerException -->
          <reporter-output>
          </reporter-output>
        </test-method> <!-- testQueryUserCompanyInfoWithBU01 -->
      </class> <!-- com.autotest.mysoft.IOrganizationPublicServiceTest -->
    </test> <!-- Core -->
  </suite> <!-- Core -->
</testng-results>
