<?xml version="1.0" encoding="UTF-8"?>
<!-- Generated by org.testng.reporters.JUnitXMLReporter -->
<testsuite hostname="wh-pc-wanghy" ignored="0" name="TmpTest" tests="2" failures="2" timestamp="03 Jun 2021 03:46:10 GMT" time="36.024" errors="0">
  <testcase name="testLoginPage" time="20.63" classname="com.autotest.mysoft.MonkeyTest">
    <failure type="java.lang.AssertionError" message="
Expected: &amp;lt;200&amp;gt;
     but: was &amp;lt;-1&amp;gt;">
      <![CDATA[java.lang.AssertionError: 
Expected: <200>
     but: was <-1>
at org.hamcrest.MatcherAssert.assertThat(MatcherAssert.java:18)
at org.hamcrest.MatcherAssert.assertThat(MatcherAssert.java:6)
at com.autotest.mysoft.MonkeyTest.testLoginPage(MonkeyTest.java:20)
at com.autotest.RunCase.main(RunCase.java:36)
... Removed 22 stack frames]]>
    </failure>
  </testcase> <!-- testLoginPage -->
  <testcase name="testLoginERP" time="15.265" classname="com.autotest.mysoft.MonkeyTest">
    <failure type="java.lang.IndexOutOfBoundsException" message="Index: 0, Size: 0">
      <![CDATA[java.lang.IndexOutOfBoundsException: Index: 0, Size: 0
at java.util.ArrayList.rangeCheck(ArrayList.java:653)
at java.util.ArrayList.get(ArrayList.java:429)
at com.autotest.mysoft.MonkeyTest.testLoginERP(MonkeyTest.java:32)
at com.autotest.RunCase.main(RunCase.java:36)
... Removed 22 stack frames]]>
    </failure>
  </testcase> <!-- testLoginERP -->
</testsuite> <!-- TmpTest -->
